<?xml version="1.0" encoding="UTF-8"?>
<testsuites name="Test Suite TC1" time="166.887" tests="1" failures="1" errors="0">
   <testsuite name="Test Suite TC1" tests="1" failures="1" errors="0" time="166.887" skipped="0" timestamp="05-04-2024T15:46:26" hostname="Sushil.Gaikwad - DS025.step.com" id="Test Suites/Test Suite TC1">
      <properties>
         <property name="deviceName" value="samsung SM-A032F (Android 13)"/>
         <property name="devicePlatform" value=""/>
         <property name="logFolder" value="C:\\Users\\sushil.gaikwad\\git\\EguruSmart1\\Reports\\20240405_154620\\Test Suite TC1\\20240405_154620"/>
         <property name="logFiles" value="C:\\Users\\sushil.gaikwad\\git\\EguruSmart1\\Reports\\20240405_154620\\Test Suite TC1\\20240405_154620\\appium.log, C:\\Users\\sushil.gaikwad\\git\\EguruSmart1\\Reports\\20240405_154620\\Test Suite TC1\\20240405_154620\\appium_error.log, C:\\Users\\sushil.gaikwad\\git\\EguruSmart1\\Reports\\20240405_154620\\Test Suite TC1\\20240405_154620\\execution0.log"/>
         <property name="attachments" value="C:\\Users\\sushil.gaikwad\\git\\EguruSmart1\\Reports\\20240405_154620\\Test Suite TC1\\20240405_154620\\1712312265606.png, C:\\Users\\sushil.gaikwad\\git\\EguruSmart1\\Reports\\20240405_154620\\Test Suite TC1\\20240405_154620\\1712312268998.png, C:\\Users\\sushil.gaikwad\\git\\EguruSmart1\\Reports\\20240405_154620\\Test Suite TC1\\20240405_154620\\1712312275914.png, C:\\Users\\sushil.gaikwad\\git\\EguruSmart1\\Reports\\20240405_154620\\Test Suite TC1\\20240405_154620\\1712312291694.png, C:\\Users\\sushil.gaikwad\\git\\EguruSmart1\\Reports\\20240405_154620\\Test Suite TC1\\20240405_154620\\1712312351264.png, C:\\Users\\sushil.gaikwad\\git\\EguruSmart1\\Reports\\20240405_154620\\Test Suite TC1\\20240405_154620\\1712312352249.png"/>
         <property name="hostName" value="Sushil.Gaikwad - DS025.step.com"/>
         <property name="os" value="Windows 10 64bit"/>
         <property name="appiumServerStatus" value="{&quot;value&quot;:{&quot;build&quot;:{&quot;version&quot;:&quot;1.22.3&quot;}},&quot;sessionId&quot;:null,&quot;status&quot;:0}"/>
         <property name="katalonVersion" value="9.3.2.212"/>
         <property name="deviceOS" value="Android"/>
         <property name="appiumVersion" value="1.22.3"/>
         <property name="deviceModel" value="SM-A032F"/>
         <property name="hostAddress" value="192.168.0.139"/>
         <property name="deviceManufacturer" value="samsung"/>
         <property name="deviceId" value="R9ZT10H9Y2L"/>
         <property name="deviceName" value="samsung SM-A032F (Android 13)"/>
         <property name="deviceOSVersion" value="13"/>
      </properties>
      <testcase name="Test Cases/TC/TC_01 - To verify that opty creation for the new customer" time="166.613" classname="Test Cases/TC/TC_01 - To verify that opty creation for the new customer" status="FAILED">
         <failure type="FAILED" message="Test Cases/TC/TC_01 - To verify that opty creation for the new customer FAILED.&#xa;Reason:&#xa;com.kms.katalon.core.exception.StepFailedException: Failed to tap on element 'Object Repository/NewObject/DropDownSearchedDistrict'&#xa;	at com.kms.katalon.core.mobile.keyword.internal.MobileKeywordMain.stepFailed(MobileKeywordMain.groovy:38)&#xa;	at com.kms.katalon.core.mobile.keyword.internal.MobileKeywordMain.runKeyword(MobileKeywordMain.groovy:21)&#xa;	at com.kms.katalon.core.mobile.keyword.builtin.TapKeyword.tap(TapKeyword.groovy:51)&#xa;	at com.kms.katalon.core.mobile.keyword.builtin.TapKeyword.execute(TapKeyword.groovy:35)&#xa;	at com.kms.katalon.core.keyword.internal.KeywordExecutor.executeKeywordForPlatform(KeywordExecutor.groovy:74)&#xa;	at com.kms.katalon.core.mobile.keyword.MobileBuiltInKeywords.tap(MobileBuiltInKeywords.groovy:1476)&#xa;	at TC_01 - To verify that opty creation for the new customer.run(TC_01 - To verify that opty creation for the new customer:174)&#xa;	at com.kms.katalon.core.main.ScriptEngine.run(ScriptEngine.java:194)&#xa;	at com.kms.katalon.core.main.ScriptEngine.runScriptAsRawText(ScriptEngine.java:119)&#xa;	at com.kms.katalon.core.main.TestCaseExecutor.runScript(TestCaseExecutor.java:448)&#xa;	at com.kms.katalon.core.main.TestCaseExecutor.doExecute(TestCaseExecutor.java:439)&#xa;	at com.kms.katalon.core.main.TestCaseExecutor.processExecutionPhase(TestCaseExecutor.java:418)&#xa;	at com.kms.katalon.core.main.TestCaseExecutor.accessMainPhase(TestCaseExecutor.java:410)&#xa;	at com.kms.katalon.core.main.TestCaseExecutor.execute(TestCaseExecutor.java:285)&#xa;	at com.kms.katalon.core.common.CommonExecutor.accessTestCaseMainPhase(CommonExecutor.java:65)&#xa;	at com.kms.katalon.core.main.TestSuiteExecutor.accessTestSuiteMainPhase(TestSuiteExecutor.java:148)&#xa;	at com.kms.katalon.core.main.TestSuiteExecutor.execute(TestSuiteExecutor.java:106)&#xa;	at com.kms.katalon.core.main.TestCaseMain.startTestSuite(TestCaseMain.java:180)&#xa;	at TempTestSuite1712312180592.run(TempTestSuite1712312180592.groovy:35)&#xa;	at java.base/jdk.internal.reflect.NativeMethodAccessorImpl.invoke0(Native Method)&#xa;	at java.base/jdk.internal.reflect.NativeMethodAccessorImpl.invoke(NativeMethodAccessorImpl.java:77)&#xa;	at java.base/jdk.internal.reflect.DelegatingMethodAccessorImpl.invoke(DelegatingMethodAccessorImpl.java:43)&#xa;Caused by: com.kms.katalon.core.exception.StepFailedException: Object Object Repository/NewObject/DropDownSearchedDistrict not found&#xa;	at com.kms.katalon.core.mobile.keyword.internal.MobileKeywordMain.stepFailed(MobileKeywordMain.groovy:38)&#xa;	at com.kms.katalon.core.mobile.keyword.builtin.TapKeyword$_tap_closure1.doCall(TapKeyword.groovy:46)&#xa;	at com.kms.katalon.core.mobile.keyword.builtin.TapKeyword$_tap_closure1.call(TapKeyword.groovy)&#xa;	at com.kms.katalon.core.mobile.keyword.internal.MobileKeywordMain.runKeyword(MobileKeywordMain.groovy:19)&#xa;	... 20 more&#xa;"/>
         <system-out><![CDATA[05-04-2024T15:46:26 - [TEST_CASE][FAILED] - Test Cases/TC/TC_01 - To verify that opty creation for the new customer: Test Cases/TC/TC_01 - To verify that opty creation for the new customer FAILED.
Reason:
com.kms.katalon.core.exception.StepFailedException: Failed to tap on element 'Object Repository/NewObject/DropDownSearchedDistrict'
	at com.kms.katalon.core.mobile.keyword.internal.MobileKeywordMain.stepFailed(MobileKeywordMain.groovy:38)
	at com.kms.katalon.core.mobile.keyword.internal.MobileKeywordMain.runKeyword(MobileKeywordMain.groovy:21)
	at com.kms.katalon.core.mobile.keyword.builtin.TapKeyword.tap(TapKeyword.groovy:51)
	at com.kms.katalon.core.mobile.keyword.builtin.TapKeyword.execute(TapKeyword.groovy:35)
	at com.kms.katalon.core.keyword.internal.KeywordExecutor.executeKeywordForPlatform(KeywordExecutor.groovy:74)
	at com.kms.katalon.core.mobile.keyword.MobileBuiltInKeywords.tap(MobileBuiltInKeywords.groovy:1476)
	at TC_01 - To verify that opty creation for the new customer.run(TC_01 - To verify that opty creation for the new customer:174)
	at com.kms.katalon.core.main.ScriptEngine.run(ScriptEngine.java:194)
	at com.kms.katalon.core.main.ScriptEngine.runScriptAsRawText(ScriptEngine.java:119)
	at com.kms.katalon.core.main.TestCaseExecutor.runScript(TestCaseExecutor.java:448)
	at com.kms.katalon.core.main.TestCaseExecutor.doExecute(TestCaseExecutor.java:439)
	at com.kms.katalon.core.main.TestCaseExecutor.processExecutionPhase(TestCaseExecutor.java:418)
	at com.kms.katalon.core.main.TestCaseExecutor.accessMainPhase(TestCaseExecutor.java:410)
	at com.kms.katalon.core.main.TestCaseExecutor.execute(TestCaseExecutor.java:285)
	at com.kms.katalon.core.common.CommonExecutor.accessTestCaseMainPhase(CommonExecutor.java:65)
	at com.kms.katalon.core.main.TestSuiteExecutor.accessTestSuiteMainPhase(TestSuiteExecutor.java:148)
	at com.kms.katalon.core.main.TestSuiteExecutor.execute(TestSuiteExecutor.java:106)
	at com.kms.katalon.core.main.TestCaseMain.startTestSuite(TestCaseMain.java:180)
	at TempTestSuite1712312180592.run(TempTestSuite1712312180592.groovy:35)
	at java.base/jdk.internal.reflect.NativeMethodAccessorImpl.invoke0(Native Method)
	at java.base/jdk.internal.reflect.NativeMethodAccessorImpl.invoke(NativeMethodAccessorImpl.java:77)
	at java.base/jdk.internal.reflect.DelegatingMethodAccessorImpl.invoke(DelegatingMethodAccessorImpl.java:43)
Caused by: com.kms.katalon.core.exception.StepFailedException: Object Object Repository/NewObject/DropDownSearchedDistrict not found
	at com.kms.katalon.core.mobile.keyword.internal.MobileKeywordMain.stepFailed(MobileKeywordMain.groovy:38)
	at com.kms.katalon.core.mobile.keyword.builtin.TapKeyword$_tap_closure1.doCall(TapKeyword.groovy:46)
	at com.kms.katalon.core.mobile.keyword.builtin.TapKeyword$_tap_closure1.call(TapKeyword.groovy)
	at com.kms.katalon.core.mobile.keyword.internal.MobileKeywordMain.runKeyword(MobileKeywordMain.groovy:19)
	... 20 more


05-04-2024T15:46:28 - [TEST_STEP][PASSED] - callTestCase(findTestCase("CommenWorkflows/Login"), ["Str_URL":"C:\Users\sushil.gaikwad\git\EguruSmart1\Application\app-release (3).apk", "Str_Username":"DUSER145", "Str_Password":"Soct#2023", ... ], STOP_ON_FAILURE): Call Test Case 'Test Cases/CommenWorkflows/Login' successfully

05-04-2024T15:46:28 - [TEST_CASE][PASSED] - Test Cases/CommenWorkflows/Login: Test Cases/CommenWorkflows/Login

05-04-2024T15:46:29 - [TEST_STEP][PASSED] - startApplication(Str_URL, false): Started app at: 'C:\Users\sushil.gaikwad\git\EguruSmart1\Application\app-release (3).apk'

05-04-2024T15:46:29 - [MESSAGE][INFO] - User set preference: ['deviceId', 'R9ZT10H9Y2L']

05-04-2024T15:46:29 - [MESSAGE][INFO] - Detected NodeJS location: "C:\Program Files\nodejs\node.exe"

05-04-2024T15:46:34 - [MESSAGE][INFO] - PATH: C:\Program Files\nodejs;

05-04-2024T15:46:34 - [MESSAGE][INFO] - APPIUM_HOME: C:\Users\sushil.gaikwad\AppData\Roaming\npm\node_modules\appium\build\lib\main.js

05-04-2024T15:46:34 - [MESSAGE][INFO] - appium outlog: C:\Users\sushil.gaikwad\git\EguruSmart1\Reports\20240405_154620\Test Suite TC1\20240405_154620\appium.log

05-04-2024T15:46:34 - [MESSAGE][INFO] - appium errlog: C:\Users\sushil.gaikwad\git\EguruSmart1\Reports\20240405_154620\Test Suite TC1\20240405_154620\appium_error.log

05-04-2024T15:46:36 - [MESSAGE][INFO] - Appium server started on port 57,958

05-04-2024T15:46:54 - [MESSAGE][PASSED] - Started app at: 'C:\Users\sushil.gaikwad\git\EguruSmart1\Application\app-release (3).apk'

05-04-2024T15:46:54 - [TEST_STEP][PASSED] - Bool_Username = waitForElementPresent(findTestObject("LockScreen/UsernaneText"), 10): Element 'Object Repository/LockScreen/UsernaneText' is present

05-04-2024T15:46:55 - [MESSAGE][PASSED] - Element 'Object Repository/LockScreen/UsernaneText' is present

05-04-2024T15:46:55 - [TEST_STEP][PASSED] - if (Bool_Username == true): Tapped on element 'Object Repository/LockScreen/NewPin/OkButton'

05-04-2024T15:46:55 - [TEST_STEP][PASSED] - tap(findTestObject("LockScreen/Username"), 0): Tapped on element 'Object Repository/LockScreen/Username'

05-04-2024T15:46:55 - [MESSAGE][WARNING] - Timeout '0' is invalid. Using default page load timeout: '30'

05-04-2024T15:46:59 - [MESSAGE][PASSED] - Tapped on element 'Object Repository/LockScreen/Username'

05-04-2024T15:46:59 - [TEST_STEP][PASSED] - setText(findTestObject("LockScreen/Username"), Str_Username, 0): Text 'DUSER145' has been set to element 'Object Repository/LockScreen/Username'

05-04-2024T15:46:59 - [MESSAGE][WARNING] - Timeout '0' is invalid. Using default page load timeout: '30'

05-04-2024T15:47:01 - [MESSAGE][PASSED] - Text 'DUSER145' has been set to element 'Object Repository/LockScreen/Username'

05-04-2024T15:47:01 - [TEST_STEP][PASSED] - hideKeyboard(): Keyboard is hidden

05-04-2024T15:47:03 - [MESSAGE][PASSED] - Keyboard is hidden

05-04-2024T15:47:03 - [TEST_STEP][PASSED] - tap(findTestObject("LockScreen/Password"), 0): Tapped on element 'Object Repository/LockScreen/Password'

05-04-2024T15:47:03 - [MESSAGE][WARNING] - Timeout '0' is invalid. Using default page load timeout: '30'

05-04-2024T15:47:04 - [MESSAGE][PASSED] - Tapped on element 'Object Repository/LockScreen/Password'

05-04-2024T15:47:04 - [TEST_STEP][PASSED] - setText(findTestObject("LockScreen/Password"), Str_Password, 0): Text 'Soct#2023' has been set to element 'Object Repository/LockScreen/Password'

05-04-2024T15:47:04 - [MESSAGE][WARNING] - Timeout '0' is invalid. Using default page load timeout: '30'

05-04-2024T15:47:06 - [MESSAGE][PASSED] - Text 'Soct#2023' has been set to element 'Object Repository/LockScreen/Password'

05-04-2024T15:47:06 - [TEST_STEP][PASSED] - hideKeyboard(): Keyboard is hidden

05-04-2024T15:47:10 - [MESSAGE][PASSED] - Keyboard is hidden

05-04-2024T15:47:10 - [TEST_STEP][PASSED] - tap(findTestObject("LockScreen/LoginButton"), 0): Tapped on element 'Object Repository/LockScreen/LoginButton'

05-04-2024T15:47:10 - [MESSAGE][WARNING] - Timeout '0' is invalid. Using default page load timeout: '30'

05-04-2024T15:47:11 - [MESSAGE][PASSED] - Tapped on element 'Object Repository/LockScreen/LoginButton'

05-04-2024T15:47:11 - [TEST_STEP][PASSED] - tap(findTestObject("LockScreen/NewPin/NewPin1"), 0): Tapped on element 'Object Repository/LockScreen/NewPin/NewPin1'

05-04-2024T15:47:11 - [MESSAGE][WARNING] - Timeout '0' is invalid. Using default page load timeout: '30'

05-04-2024T15:47:13 - [MESSAGE][PASSED] - Tapped on element 'Object Repository/LockScreen/NewPin/NewPin1'

05-04-2024T15:47:13 - [TEST_STEP][PASSED] - sendKeys(findTestObject("LockScreen/NewPin/NewPin1"), "1", STOP_ON_FAILURE): Send keys '1' on test object 'Object Repository/LockScreen/NewPin/NewPin1' successfully.

05-04-2024T15:47:15 - [MESSAGE][PASSED] - Send keys '1' on test object 'Object Repository/LockScreen/NewPin/NewPin1' successfully.

05-04-2024T15:47:15 - [TEST_STEP][PASSED] - setText(findTestObject("LockScreen/NewPin/NewPin2"), "2", 0): Text '2' has been set to element 'Object Repository/LockScreen/NewPin/NewPin2'

05-04-2024T15:47:15 - [MESSAGE][WARNING] - Timeout '0' is invalid. Using default page load timeout: '30'

05-04-2024T15:47:16 - [MESSAGE][PASSED] - Text '2' has been set to element 'Object Repository/LockScreen/NewPin/NewPin2'

05-04-2024T15:47:16 - [TEST_STEP][PASSED] - setText(findTestObject("LockScreen/NewPin/NewPin3"), "3", 0): Text '3' has been set to element 'Object Repository/LockScreen/NewPin/NewPin3'

05-04-2024T15:47:16 - [MESSAGE][WARNING] - Timeout '0' is invalid. Using default page load timeout: '30'

05-04-2024T15:47:18 - [MESSAGE][PASSED] - Text '3' has been set to element 'Object Repository/LockScreen/NewPin/NewPin3'

05-04-2024T15:47:18 - [TEST_STEP][PASSED] - setText(findTestObject("LockScreen/NewPin/NewPin4"), "4", 0): Text '4' has been set to element 'Object Repository/LockScreen/NewPin/NewPin4'

05-04-2024T15:47:18 - [MESSAGE][WARNING] - Timeout '0' is invalid. Using default page load timeout: '30'

05-04-2024T15:47:19 - [MESSAGE][PASSED] - Text '4' has been set to element 'Object Repository/LockScreen/NewPin/NewPin4'

05-04-2024T15:47:19 - [TEST_STEP][PASSED] - tap(findTestObject("LockScreen/NewPin/ConfirmPin1"), 0): Tapped on element 'Object Repository/LockScreen/NewPin/ConfirmPin1'

05-04-2024T15:47:19 - [MESSAGE][WARNING] - Timeout '0' is invalid. Using default page load timeout: '30'

05-04-2024T15:47:20 - [MESSAGE][PASSED] - Tapped on element 'Object Repository/LockScreen/NewPin/ConfirmPin1'

05-04-2024T15:47:20 - [TEST_STEP][PASSED] - setText(findTestObject("LockScreen/NewPin/ConfirmPin1"), "1", 0): Text '1' has been set to element 'Object Repository/LockScreen/NewPin/ConfirmPin1'

05-04-2024T15:47:21 - [MESSAGE][WARNING] - Timeout '0' is invalid. Using default page load timeout: '30'

05-04-2024T15:47:22 - [MESSAGE][PASSED] - Text '1' has been set to element 'Object Repository/LockScreen/NewPin/ConfirmPin1'

05-04-2024T15:47:22 - [TEST_STEP][PASSED] - setText(findTestObject("LockScreen/NewPin/ConfirmPin2"), "2", 0): Text '2' has been set to element 'Object Repository/LockScreen/NewPin/ConfirmPin2'

05-04-2024T15:47:22 - [MESSAGE][WARNING] - Timeout '0' is invalid. Using default page load timeout: '30'

05-04-2024T15:47:23 - [MESSAGE][PASSED] - Text '2' has been set to element 'Object Repository/LockScreen/NewPin/ConfirmPin2'

05-04-2024T15:47:23 - [TEST_STEP][PASSED] - setText(findTestObject("LockScreen/NewPin/ConfirmPin3"), "3", 0): Text '3' has been set to element 'Object Repository/LockScreen/NewPin/ConfirmPin3'

05-04-2024T15:47:23 - [MESSAGE][WARNING] - Timeout '0' is invalid. Using default page load timeout: '30'

05-04-2024T15:47:25 - [MESSAGE][PASSED] - Text '3' has been set to element 'Object Repository/LockScreen/NewPin/ConfirmPin3'

05-04-2024T15:47:25 - [TEST_STEP][PASSED] - setText(findTestObject("LockScreen/NewPin/ConfirmPin4"), "4", 0): Text '4' has been set to element 'Object Repository/LockScreen/NewPin/ConfirmPin4'

05-04-2024T15:47:25 - [MESSAGE][WARNING] - Timeout '0' is invalid. Using default page load timeout: '30'

05-04-2024T15:47:26 - [MESSAGE][PASSED] - Text '4' has been set to element 'Object Repository/LockScreen/NewPin/ConfirmPin4'

05-04-2024T15:47:26 - [TEST_STEP][PASSED] - Bool_Offline = waitForElementPresent(findTestObject("LockScreen/NewPin/Offline Master Sync"), 10): Element 'Object Repository/LockScreen/NewPin/Offline Master Sync' is present

05-04-2024T15:47:27 - [MESSAGE][PASSED] - Element 'Object Repository/LockScreen/NewPin/Offline Master Sync' is present

05-04-2024T15:47:27 - [TEST_STEP][PASSED] - if (Bool_Offline == true): Tapped on element 'Object Repository/LockScreen/NewPin/OkButton'

05-04-2024T15:47:27 - [TEST_STEP][PASSED] - tap(findTestObject("LockScreen/NewPin/OkButton"), 0): Tapped on element 'Object Repository/LockScreen/NewPin/OkButton'

05-04-2024T15:47:27 - [MESSAGE][WARNING] - Timeout '0' is invalid. Using default page load timeout: '30'

05-04-2024T15:47:29 - [MESSAGE][PASSED] - Tapped on element 'Object Repository/LockScreen/NewPin/OkButton'

05-04-2024T15:47:29 - [TEST_STEP][PASSED] - Bool_Offline = waitForElementPresent(findTestObject("LockScreen/NewPin/Offline Master Sync"), 30): Element 'Object Repository/LockScreen/NewPin/Offline Master Sync' is present

05-04-2024T15:47:33 - [MESSAGE][PASSED] - Element 'Object Repository/LockScreen/NewPin/Offline Master Sync' is present

05-04-2024T15:47:33 - [TEST_STEP][PASSED] - if (Bool_Offline == true): Tapped on element 'Object Repository/LockScreen/NewPin/OkButton'

05-04-2024T15:47:33 - [TEST_STEP][PASSED] - tap(findTestObject("LockScreen/NewPin/OkButton"), 0): Tapped on element 'Object Repository/LockScreen/NewPin/OkButton'

05-04-2024T15:47:33 - [MESSAGE][WARNING] - Timeout '0' is invalid. Using default page load timeout: '30'

05-04-2024T15:47:35 - [MESSAGE][PASSED] - Tapped on element 'Object Repository/LockScreen/NewPin/OkButton'

05-04-2024T15:47:35 - [MESSAGE][PASSED] - Call Test Case 'Test Cases/CommenWorkflows/Login' successfully

05-04-2024T15:47:35 - [TEST_STEP][PASSED] - Bool_Offline = waitForElementPresent(findTestObject("LockScreen/NewPin/Offline Master Sync"), 5): Object Object Repository/LockScreen/NewPin/Offline Master Sync not found

05-04-2024T15:47:40 - [MESSAGE][WARNING] - Object Object Repository/LockScreen/NewPin/Offline Master Sync not found

05-04-2024T15:47:40 - [TEST_STEP][PASSED] - if (Bool_Offline == true): null

05-04-2024T15:47:40 - [TEST_STEP][PASSED] - delay(2, STOP_ON_FAILURE): Delayed 2 second(s)

05-04-2024T15:47:42 - [MESSAGE][PASSED] - Delayed 2 second(s)

05-04-2024T15:47:42 - [TEST_STEP][PASSED] - verifyElementExist(findTestObject("TataMotars/HomeButton"), 10): Element 'Object Repository/TataMotars/HomeButton' is exist

05-04-2024T15:47:42 - [MESSAGE][PASSED] - Element 'Object Repository/TataMotars/HomeButton' is exist

05-04-2024T15:47:42 - [TEST_STEP][PASSED] - tap(findTestObject("TataMotars/PluseButton"), 0): Tapped on element 'Object Repository/TataMotars/PluseButton'

05-04-2024T15:47:42 - [MESSAGE][WARNING] - Timeout '0' is invalid. Using default page load timeout: '30'

05-04-2024T15:47:44 - [MESSAGE][PASSED] - Tapped on element 'Object Repository/TataMotars/PluseButton'

05-04-2024T15:47:44 - [TEST_STEP][PASSED] - bool_Opportunity = verifyElementExist(findTestObject("TataMotars/Pluse Button/OpportunityButton"), 0): Element 'Object Repository/TataMotars/Pluse Button/OpportunityButton' is exist

05-04-2024T15:47:44 - [MESSAGE][WARNING] - Timeout '0' is invalid. Using default page load timeout: '30'

05-04-2024T15:47:44 - [MESSAGE][PASSED] - Element 'Object Repository/TataMotars/Pluse Button/OpportunityButton' is exist

05-04-2024T15:47:44 - [TEST_STEP][PASSED] - bool_Account = verifyElementExist(findTestObject("TataMotars/Pluse Button/Account"), 0): Element 'Object Repository/TataMotars/Pluse Button/Account' is exist

05-04-2024T15:47:44 - [MESSAGE][WARNING] - Timeout '0' is invalid. Using default page load timeout: '30'

05-04-2024T15:47:44 - [MESSAGE][PASSED] - Element 'Object Repository/TataMotars/Pluse Button/Account' is exist

05-04-2024T15:47:44 - [TEST_STEP][PASSED] - bool_Customer = verifyElementExist(findTestObject("TataMotars/Pluse Button/Customer"), 0): Element 'Object Repository/TataMotars/Pluse Button/Customer' is exist

05-04-2024T15:47:44 - [MESSAGE][WARNING] - Timeout '0' is invalid. Using default page load timeout: '30'

05-04-2024T15:47:45 - [MESSAGE][PASSED] - Element 'Object Repository/TataMotars/Pluse Button/Customer' is exist

05-04-2024T15:47:45 - [TEST_STEP][PASSED] - bool_Influencer = verifyElementExist(findTestObject("TataMotars/Pluse Button/Influencer"), 0): Element 'Object Repository/TataMotars/Pluse Button/Influencer' is exist

05-04-2024T15:47:45 - [MESSAGE][WARNING] - Timeout '0' is invalid. Using default page load timeout: '30'

05-04-2024T15:47:45 - [MESSAGE][PASSED] - Element 'Object Repository/TataMotars/Pluse Button/Influencer' is exist

05-04-2024T15:47:45 - [TEST_STEP][PASSED] - bool_FollowUp = verifyElementExist(findTestObject("TataMotars/Pluse Button/Follow Up"), 0): Element 'Object Repository/TataMotars/Pluse Button/Follow Up' is exist

05-04-2024T15:47:45 - [MESSAGE][WARNING] - Timeout '0' is invalid. Using default page load timeout: '30'

05-04-2024T15:47:45 - [MESSAGE][PASSED] - Element 'Object Repository/TataMotars/Pluse Button/Follow Up' is exist

05-04-2024T15:47:45 - [TEST_STEP][PASSED] - bool_Opportunity && bool_Account && bool_Customer && bool_Influencer && bool_FollowUp == false: null

05-04-2024T15:47:45 - [TEST_STEP][PASSED] - takeScreenshot(): Screenshot is taken

05-04-2024T15:47:46 - [MESSAGE][PASSED] - Screenshot is taken
[[ATTACHMENT|C:\\Users\\sushil.gaikwad\\git\\EguruSmart1\\Reports\\20240405_154620\\Test Suite TC1\\20240405_154620\\1712312265606.png]]

05-04-2024T15:47:46 - [TEST_STEP][PASSED] - tap(findTestObject("TataMotars/Pluse Button/OpportunityButton"), 3): Tapped on element 'Object Repository/TataMotars/Pluse Button/OpportunityButton'

05-04-2024T15:47:48 - [MESSAGE][PASSED] - Tapped on element 'Object Repository/TataMotars/Pluse Button/OpportunityButton'

05-04-2024T15:47:48 - [TEST_STEP][PASSED] - bool_AddContact = verifyElementExist(findTestObject("Add Contact/AddContact"), 30): Element 'Object Repository/Add Contact/AddContact' is exist

05-04-2024T15:47:48 - [MESSAGE][PASSED] - Element 'Object Repository/Add Contact/AddContact' is exist

05-04-2024T15:47:48 - [TEST_STEP][PASSED] - bool_SearchAddContact = verifyElementExist(findTestObject("Add Contact/Search - Add Contact"), 30): Element 'Object Repository/Add Contact/Search - Add Contact' is exist

05-04-2024T15:47:48 - [MESSAGE][PASSED] - Element 'Object Repository/Add Contact/Search - Add Contact' is exist

05-04-2024T15:47:48 - [TEST_STEP][PASSED] - bool_AddContact && bool_SearchAddContact == true: null

05-04-2024T15:47:48 - [TEST_STEP][PASSED] - takeScreenshot(): Screenshot is taken

05-04-2024T15:47:50 - [MESSAGE][PASSED] - Screenshot is taken
[[ATTACHMENT|C:\\Users\\sushil.gaikwad\\git\\EguruSmart1\\Reports\\20240405_154620\\Test Suite TC1\\20240405_154620\\1712312268998.png]]

05-04-2024T15:47:50 - [TEST_STEP][PASSED] - randomName = generateRandomName(): null

05-04-2024T15:47:50 - [TEST_STEP][PASSED] - chars = (A..Z) + (a..z): null

05-04-2024T15:47:50 - [TEST_STEP][PASSED] - name =  }).join(): null

05-04-2024T15:47:50 - [TEST_STEP][PASSED] - return name: null

05-04-2024T15:47:50 - [TEST_STEP][PASSED] - println(Random 5-character name: $randomName): null

05-04-2024T15:47:50 - [TEST_STEP][PASSED] - minRange = 1: null

05-04-2024T15:47:50 - [TEST_STEP][PASSED] - maxRange = 1000: null

05-04-2024T15:47:50 - [TEST_STEP][PASSED] - randomInt = current().nextInt(minRange, maxRange + 1): null

05-04-2024T15:47:50 - [TEST_STEP][PASSED] - Result = $randomName $randomInt: null

05-04-2024T15:47:50 - [TEST_STEP][PASSED] - tap(findTestObject("Add Contact/Search - Add Contact"), 0, STOP_ON_FAILURE): Tapped on element 'Object Repository/Add Contact/Search - Add Contact'

05-04-2024T15:47:50 - [MESSAGE][WARNING] - Timeout '0' is invalid. Using default page load timeout: '30'

05-04-2024T15:47:51 - [MESSAGE][PASSED] - Tapped on element 'Object Repository/Add Contact/Search - Add Contact'

05-04-2024T15:47:51 - [TEST_STEP][PASSED] - setText(findTestObject("TataMotars/SearchBox"), Result, 0): Text 'KjuPx 534' has been set to element 'Object Repository/TataMotars/SearchBox'

05-04-2024T15:47:51 - [MESSAGE][WARNING] - Timeout '0' is invalid. Using default page load timeout: '30'

05-04-2024T15:47:53 - [MESSAGE][PASSED] - Text 'KjuPx 534' has been set to element 'Object Repository/TataMotars/SearchBox'

05-04-2024T15:47:53 - [TEST_STEP][PASSED] - hideKeyboard(): Keyboard is hidden

05-04-2024T15:47:55 - [MESSAGE][PASSED] - Keyboard is hidden

05-04-2024T15:47:55 - [TEST_STEP][PASSED] - str_getNewContact = getAttribute(findTestObject("TataMotars/SearchBox"), "name", 0): Element 'Object Repository/TataMotars/SearchBox' has attribute 'name' is ''

05-04-2024T15:47:55 - [MESSAGE][WARNING] - Timeout '0' is invalid. Using default page load timeout: '30'

05-04-2024T15:47:55 - [MESSAGE][PASSED] - Element 'Object Repository/TataMotars/SearchBox' has attribute 'name' is ''

05-04-2024T15:47:55 - [TEST_STEP][PASSED] - Result == str_getNewContact: null

05-04-2024T15:47:55 - [TEST_STEP][PASSED] - takeScreenshot(): Screenshot is taken

05-04-2024T15:47:57 - [MESSAGE][PASSED] - Screenshot is taken
[[ATTACHMENT|C:\\Users\\sushil.gaikwad\\git\\EguruSmart1\\Reports\\20240405_154620\\Test Suite TC1\\20240405_154620\\1712312275914.png]]

05-04-2024T15:47:57 - [TEST_STEP][PASSED] - tap(findTestObject("Add Contact/AddNewContactButton"), 0): Tapped on element 'Object Repository/Add Contact/AddNewContactButton'

05-04-2024T15:47:57 - [MESSAGE][WARNING] - Timeout '0' is invalid. Using default page load timeout: '30'

05-04-2024T15:47:57 - [MESSAGE][PASSED] - Tapped on element 'Object Repository/Add Contact/AddNewContactButton'

05-04-2024T15:47:57 - [TEST_STEP][PASSED] - setText(findTestObject("Primery Details/FirstName"), str_FirstName, 0): Text 'Test' has been set to element 'Object Repository/Primery Details/FirstName'

05-04-2024T15:47:57 - [MESSAGE][WARNING] - Timeout '0' is invalid. Using default page load timeout: '30'

05-04-2024T15:47:59 - [MESSAGE][PASSED] - Text 'Test' has been set to element 'Object Repository/Primery Details/FirstName'

05-04-2024T15:47:59 - [TEST_STEP][PASSED] - hideKeyboard(): Keyboard is hidden

05-04-2024T15:48:01 - [MESSAGE][PASSED] - Keyboard is hidden

05-04-2024T15:48:01 - [TEST_STEP][PASSED] - setText(findTestObject("Primery Details/LastName"), str_LastName, 0): Text 'step' has been set to element 'Object Repository/Primery Details/LastName'

05-04-2024T15:48:01 - [MESSAGE][WARNING] - Timeout '0' is invalid. Using default page load timeout: '30'

05-04-2024T15:48:03 - [MESSAGE][PASSED] - Text 'step' has been set to element 'Object Repository/Primery Details/LastName'

05-04-2024T15:48:03 - [TEST_STEP][PASSED] - hideKeyboard(): Keyboard is hidden

05-04-2024T15:48:05 - [MESSAGE][PASSED] - Keyboard is hidden

05-04-2024T15:48:05 - [TEST_STEP][PASSED] - tap(findTestObject("Primery Details/MobileNumber"), 0): Tapped on element 'Object Repository/Primery Details/MobileNumber'

05-04-2024T15:48:05 - [MESSAGE][WARNING] - Timeout '0' is invalid. Using default page load timeout: '30'

05-04-2024T15:48:06 - [MESSAGE][PASSED] - Tapped on element 'Object Repository/Primery Details/MobileNumber'

05-04-2024T15:48:06 - [TEST_STEP][PASSED] - setText(findTestObject("Primery Details/MobileNumber"), str_MobileNumber + randomInt, 0): Text '9988667534' has been set to element 'Object Repository/Primery Details/MobileNumber'

05-04-2024T15:48:06 - [MESSAGE][WARNING] - Timeout '0' is invalid. Using default page load timeout: '30'

05-04-2024T15:48:07 - [MESSAGE][PASSED] - Text '9988667534' has been set to element 'Object Repository/Primery Details/MobileNumber'

05-04-2024T15:48:07 - [TEST_STEP][PASSED] - hideKeyboard(): Keyboard is hidden

05-04-2024T15:48:11 - [MESSAGE][PASSED] - Keyboard is hidden

05-04-2024T15:48:11 - [TEST_STEP][PASSED] - takeScreenshot(): Screenshot is taken

05-04-2024T15:48:12 - [MESSAGE][PASSED] - Screenshot is taken
[[ATTACHMENT|C:\\Users\\sushil.gaikwad\\git\\EguruSmart1\\Reports\\20240405_154620\\Test Suite TC1\\20240405_154620\\1712312291694.png]]

05-04-2024T15:48:12 - [TEST_STEP][PASSED] - tap(findTestObject("Create New Opportunity/Customer Type"), 0): Tapped on element 'Object Repository/Create New Opportunity/Customer Type'

05-04-2024T15:48:12 - [MESSAGE][WARNING] - Timeout '0' is invalid. Using default page load timeout: '30'

05-04-2024T15:48:13 - [MESSAGE][PASSED] - Tapped on element 'Object Repository/Create New Opportunity/Customer Type'

05-04-2024T15:48:13 - [TEST_STEP][PASSED] - sendKeys(findTestObject("Create New Opportunity/Type_CustomerType"), str_CustomerType, STOP_ON_FAILURE): Send keys 'C4T Customer' on test object 'Object Repository/Create New Opportunity/Type_CustomerType' successfully.

05-04-2024T15:48:15 - [MESSAGE][PASSED] - Send keys 'C4T Customer' on test object 'Object Repository/Create New Opportunity/Type_CustomerType' successfully.

05-04-2024T15:48:15 - [TEST_STEP][PASSED] - hideKeyboard(): Keyboard is hidden

05-04-2024T15:48:17 - [MESSAGE][PASSED] - Keyboard is hidden

05-04-2024T15:48:17 - [TEST_STEP][PASSED] - Bool_Customer = waitForElementPresent(findTestObject("Create New Opportunity/Click_Customer"), 5): Element 'Object Repository/Create New Opportunity/Click_Customer' is present

05-04-2024T15:48:17 - [MESSAGE][PASSED] - Element 'Object Repository/Create New Opportunity/Click_Customer' is present

05-04-2024T15:48:17 - [TEST_STEP][PASSED] - if (Bool_Customer == true): Tapped on element 'Object Repository/Create New Opportunity/Click_Customer'

05-04-2024T15:48:17 - [TEST_STEP][PASSED] - tap(findTestObject("Create New Opportunity/Click_Customer"), 0): Tapped on element 'Object Repository/Create New Opportunity/Click_Customer'

05-04-2024T15:48:17 - [MESSAGE][WARNING] - Timeout '0' is invalid. Using default page load timeout: '30'

05-04-2024T15:48:18 - [MESSAGE][PASSED] - Tapped on element 'Object Repository/Create New Opportunity/Click_Customer'

05-04-2024T15:48:18 - [TEST_STEP][PASSED] - checkElement(findTestObject("Primery Details/Influencer Checkbox"), 0): Element 'Object Repository/Primery Details/Influencer Checkbox' is checked

05-04-2024T15:48:18 - [MESSAGE][WARNING] - Timeout '0' is invalid. Using default page load timeout: '30'

05-04-2024T15:48:19 - [MESSAGE][PASSED] - Element 'Object Repository/Primery Details/Influencer Checkbox' is checked

05-04-2024T15:48:19 - [TEST_STEP][PASSED] - hideKeyboard(): Keyboard is hidden

05-04-2024T15:48:20 - [MESSAGE][PASSED] - Keyboard is hidden

05-04-2024T15:48:20 - [TEST_STEP][PASSED] - tap(findTestObject("Create New Opportunity/Additional information"), 0): Tapped on element 'Object Repository/Create New Opportunity/Additional information'

05-04-2024T15:48:20 - [MESSAGE][WARNING] - Timeout '0' is invalid. Using default page load timeout: '30'

05-04-2024T15:48:22 - [MESSAGE][PASSED] - Tapped on element 'Object Repository/Create New Opportunity/Additional information'

05-04-2024T15:48:22 - [TEST_STEP][PASSED] - delay(3, STOP_ON_FAILURE): Delayed 3 second(s)

05-04-2024T15:48:25 - [MESSAGE][PASSED] - Delayed 3 second(s)

05-04-2024T15:48:25 - [TEST_STEP][PASSED] - tap(findTestObject("Primery Details/Enter InfluencerType"), 0): Tapped on element 'Object Repository/Primery Details/Enter InfluencerType'

05-04-2024T15:48:25 - [MESSAGE][WARNING] - Timeout '0' is invalid. Using default page load timeout: '30'

05-04-2024T15:48:26 - [MESSAGE][PASSED] - Tapped on element 'Object Repository/Primery Details/Enter InfluencerType'

05-04-2024T15:48:26 - [TEST_STEP][PASSED] - setText(findTestObject("Create New Opportunity/Type Influencer"), str_InfluencerType, 0): Text 'Advertisement' has been set to element 'Object Repository/Create New Opportunity/Type Influencer'

05-04-2024T15:48:26 - [MESSAGE][WARNING] - Timeout '0' is invalid. Using default page load timeout: '30'

05-04-2024T15:48:28 - [MESSAGE][PASSED] - Text 'Advertisement' has been set to element 'Object Repository/Create New Opportunity/Type Influencer'

05-04-2024T15:48:28 - [TEST_STEP][PASSED] - hideKeyboard(): Keyboard is hidden

05-04-2024T15:48:30 - [MESSAGE][PASSED] - Keyboard is hidden

05-04-2024T15:48:30 - [TEST_STEP][PASSED] - tap(findTestObject("Primery Details/Address Details/NextButton"), 0): Tapped on element 'Object Repository/Primery Details/Address Details/NextButton'

05-04-2024T15:48:30 - [MESSAGE][WARNING] - Timeout '0' is invalid. Using default page load timeout: '30'

05-04-2024T15:48:31 - [MESSAGE][PASSED] - Tapped on element 'Object Repository/Primery Details/Address Details/NextButton'

05-04-2024T15:48:31 - [TEST_STEP][PASSED] - bool_Pincode = waitForElementPresent(findTestObject("Primery Details/Address Details/Pincode"), 5): Element 'Object Repository/Primery Details/Address Details/Pincode' is present

05-04-2024T15:48:33 - [MESSAGE][PASSED] - Element 'Object Repository/Primery Details/Address Details/Pincode' is present

05-04-2024T15:48:33 - [TEST_STEP][FAILED] - if (bool_Pincode == true): Failed to tap on element 'Object Repository/NewObject/DropDownSearchedDistrict' (Root cause: com.kms.katalon.core.exception.StepFailedException: Failed to tap on element 'Object Repository/NewObject/DropDownSearchedDistrict'
	at com.kms.katalon.core.mobile.keyword.internal.MobileKeywordMain.stepFailed(MobileKeywordMain.groovy:38)
	at com.kms.katalon.core.mobile.keyword.internal.MobileKeywordMain.runKeyword(MobileKeywordMain.groovy:21)
	at com.kms.katalon.core.mobile.keyword.builtin.TapKeyword.tap(TapKeyword.groovy:51)
	at com.kms.katalon.core.mobile.keyword.builtin.TapKeyword.execute(TapKeyword.groovy:35)
	at com.kms.katalon.core.keyword.internal.KeywordExecutor.executeKeywordForPlatform(KeywordExecutor.groovy:74)
	at com.kms.katalon.core.mobile.keyword.MobileBuiltInKeywords.tap(MobileBuiltInKeywords.groovy:1476)
	at TC_01 - To verify that opty creation for the new customer.run(TC_01 - To verify that opty creation for the new customer:174)
	at com.kms.katalon.core.main.ScriptEngine.run(ScriptEngine.java:194)
	at com.kms.katalon.core.main.ScriptEngine.runScriptAsRawText(ScriptEngine.java:119)
	at com.kms.katalon.core.main.TestCaseExecutor.runScript(TestCaseExecutor.java:448)
	at com.kms.katalon.core.main.TestCaseExecutor.doExecute(TestCaseExecutor.java:439)
	at com.kms.katalon.core.main.TestCaseExecutor.processExecutionPhase(TestCaseExecutor.java:418)
	at com.kms.katalon.core.main.TestCaseExecutor.accessMainPhase(TestCaseExecutor.java:410)
	at com.kms.katalon.core.main.TestCaseExecutor.execute(TestCaseExecutor.java:285)
	at com.kms.katalon.core.common.CommonExecutor.accessTestCaseMainPhase(CommonExecutor.java:65)
	at com.kms.katalon.core.main.TestSuiteExecutor.accessTestSuiteMainPhase(TestSuiteExecutor.java:148)
	at com.kms.katalon.core.main.TestSuiteExecutor.execute(TestSuiteExecutor.java:106)
	at com.kms.katalon.core.main.TestCaseMain.startTestSuite(TestCaseMain.java:180)
	at TempTestSuite1712312180592.run(TempTestSuite1712312180592.groovy:35)
	at java.base/jdk.internal.reflect.NativeMethodAccessorImpl.invoke0(Native Method)
	at java.base/jdk.internal.reflect.NativeMethodAccessorImpl.invoke(NativeMethodAccessorImpl.java:77)
	at java.base/jdk.internal.reflect.DelegatingMethodAccessorImpl.invoke(DelegatingMethodAccessorImpl.java:43)
Caused by: com.kms.katalon.core.exception.StepFailedException: Object Object Repository/NewObject/DropDownSearchedDistrict not found
	at com.kms.katalon.core.mobile.keyword.internal.MobileKeywordMain.stepFailed(MobileKeywordMain.groovy:38)
	at com.kms.katalon.core.mobile.keyword.builtin.TapKeyword$_tap_closure1.doCall(TapKeyword.groovy:46)
	at com.kms.katalon.core.mobile.keyword.builtin.TapKeyword$_tap_closure1.call(TapKeyword.groovy)
	at com.kms.katalon.core.mobile.keyword.internal.MobileKeywordMain.runKeyword(MobileKeywordMain.groovy:19)
	... 20 more
)

05-04-2024T15:48:33 - [TEST_STEP][PASSED] - tap(findTestObject("Primery Details/Address Details/Pincode"), 0): Tapped on element 'Object Repository/Primery Details/Address Details/Pincode'

05-04-2024T15:48:33 - [MESSAGE][WARNING] - Timeout '0' is invalid. Using default page load timeout: '30'

05-04-2024T15:48:34 - [MESSAGE][PASSED] - Tapped on element 'Object Repository/Primery Details/Address Details/Pincode'

05-04-2024T15:48:34 - [TEST_STEP][PASSED] - setText(findTestObject("Primery Details/Address Details/Pincode"), str_Pincode, 0): Text '410210' has been set to element 'Object Repository/Primery Details/Address Details/Pincode'

05-04-2024T15:48:34 - [MESSAGE][WARNING] - Timeout '0' is invalid. Using default page load timeout: '30'

05-04-2024T15:48:35 - [MESSAGE][PASSED] - Text '410210' has been set to element 'Object Repository/Primery Details/Address Details/Pincode'

05-04-2024T15:48:35 - [TEST_STEP][PASSED] - hideKeyboard(): Keyboard is hidden

05-04-2024T15:48:37 - [MESSAGE][PASSED] - Keyboard is hidden

05-04-2024T15:48:37 - [TEST_STEP][PASSED] - Bool_Pin = waitForElementPresent(findTestObject("NewObject/Searched PinCodeTC3"), 2): Object Object Repository/NewObject/Searched PinCodeTC3 not found

05-04-2024T15:48:39 - [MESSAGE][WARNING] - Object Object Repository/NewObject/Searched PinCodeTC3 not found

05-04-2024T15:48:39 - [TEST_STEP][PASSED] - if (Bool_Pin == true): null

05-04-2024T15:48:39 - [TEST_STEP][PASSED] - tap(findTestObject("NewObject/DropDownDistrict"), 0, STOP_ON_FAILURE): Tapped on element 'Object Repository/NewObject/DropDownDistrict'

05-04-2024T15:48:40 - [MESSAGE][WARNING] - Timeout '0' is invalid. Using default page load timeout: '30'

05-04-2024T15:48:40 - [MESSAGE][PASSED] - Tapped on element 'Object Repository/NewObject/DropDownDistrict'

05-04-2024T15:48:40 - [TEST_STEP][FAILED] - tap(findTestObject("NewObject/DropDownSearchedDistrict"), 0, STOP_ON_FAILURE): Failed to tap on element 'Object Repository/NewObject/DropDownSearchedDistrict' (Root cause: com.kms.katalon.core.exception.StepFailedException: Failed to tap on element 'Object Repository/NewObject/DropDownSearchedDistrict'
	at com.kms.katalon.core.mobile.keyword.internal.MobileKeywordMain.stepFailed(MobileKeywordMain.groovy:38)
	at com.kms.katalon.core.mobile.keyword.internal.MobileKeywordMain.runKeyword(MobileKeywordMain.groovy:21)
	at com.kms.katalon.core.mobile.keyword.builtin.TapKeyword.tap(TapKeyword.groovy:51)
	at com.kms.katalon.core.mobile.keyword.builtin.TapKeyword.execute(TapKeyword.groovy:35)
	at com.kms.katalon.core.keyword.internal.KeywordExecutor.executeKeywordForPlatform(KeywordExecutor.groovy:74)
	at com.kms.katalon.core.mobile.keyword.MobileBuiltInKeywords.tap(MobileBuiltInKeywords.groovy:1476)
	at TC_01 - To verify that opty creation for the new customer.run(TC_01 - To verify that opty creation for the new customer:174)
	at com.kms.katalon.core.main.ScriptEngine.run(ScriptEngine.java:194)
	at com.kms.katalon.core.main.ScriptEngine.runScriptAsRawText(ScriptEngine.java:119)
	at com.kms.katalon.core.main.TestCaseExecutor.runScript(TestCaseExecutor.java:448)
	at com.kms.katalon.core.main.TestCaseExecutor.doExecute(TestCaseExecutor.java:439)
	at com.kms.katalon.core.main.TestCaseExecutor.processExecutionPhase(TestCaseExecutor.java:418)
	at com.kms.katalon.core.main.TestCaseExecutor.accessMainPhase(TestCaseExecutor.java:410)
	at com.kms.katalon.core.main.TestCaseExecutor.execute(TestCaseExecutor.java:285)
	at com.kms.katalon.core.common.CommonExecutor.accessTestCaseMainPhase(CommonExecutor.java:65)
	at com.kms.katalon.core.main.TestSuiteExecutor.accessTestSuiteMainPhase(TestSuiteExecutor.java:148)
	at com.kms.katalon.core.main.TestSuiteExecutor.execute(TestSuiteExecutor.java:106)
	at com.kms.katalon.core.main.TestCaseMain.startTestSuite(TestCaseMain.java:180)
	at TempTestSuite1712312180592.run(TempTestSuite1712312180592.groovy:35)
	at java.base/jdk.internal.reflect.NativeMethodAccessorImpl.invoke0(Native Method)
	at java.base/jdk.internal.reflect.NativeMethodAccessorImpl.invoke(NativeMethodAccessorImpl.java:77)
	at java.base/jdk.internal.reflect.DelegatingMethodAccessorImpl.invoke(DelegatingMethodAccessorImpl.java:43)
Caused by: com.kms.katalon.core.exception.StepFailedException: Object Object Repository/NewObject/DropDownSearchedDistrict not found
	at com.kms.katalon.core.mobile.keyword.internal.MobileKeywordMain.stepFailed(MobileKeywordMain.groovy:38)
	at com.kms.katalon.core.mobile.keyword.builtin.TapKeyword$_tap_closure1.doCall(TapKeyword.groovy:46)
	at com.kms.katalon.core.mobile.keyword.builtin.TapKeyword$_tap_closure1.call(TapKeyword.groovy)
	at com.kms.katalon.core.mobile.keyword.internal.MobileKeywordMain.runKeyword(MobileKeywordMain.groovy:19)
	... 20 more
)

05-04-2024T15:48:40 - [MESSAGE][WARNING] - Timeout '0' is invalid. Using default page load timeout: '30'

05-04-2024T15:49:12 - [MESSAGE][FAILED] - Object Object Repository/NewObject/DropDownSearchedDistrict not found (Root cause: com.kms.katalon.core.exception.StepFailedException: Object Object Repository/NewObject/DropDownSearchedDistrict not found
	at com.kms.katalon.core.mobile.keyword.internal.MobileKeywordMain.stepFailed(MobileKeywordMain.groovy:38)
	at com.kms.katalon.core.mobile.keyword.builtin.TapKeyword$_tap_closure1.doCall(TapKeyword.groovy:46)
	at com.kms.katalon.core.mobile.keyword.builtin.TapKeyword$_tap_closure1.call(TapKeyword.groovy)
	at com.kms.katalon.core.mobile.keyword.internal.MobileKeywordMain.runKeyword(MobileKeywordMain.groovy:19)
	at com.kms.katalon.core.mobile.keyword.builtin.TapKeyword.tap(TapKeyword.groovy:51)
	at com.kms.katalon.core.mobile.keyword.builtin.TapKeyword.execute(TapKeyword.groovy:35)
	at com.kms.katalon.core.keyword.internal.KeywordExecutor.executeKeywordForPlatform(KeywordExecutor.groovy:74)
	at com.kms.katalon.core.mobile.keyword.MobileBuiltInKeywords.tap(MobileBuiltInKeywords.groovy:1476)
	at TC_01 - To verify that opty creation for the new customer.run(TC_01 - To verify that opty creation for the new customer:174)
	at com.kms.katalon.core.main.ScriptEngine.run(ScriptEngine.java:194)
	at com.kms.katalon.core.main.ScriptEngine.runScriptAsRawText(ScriptEngine.java:119)
	at com.kms.katalon.core.main.TestCaseExecutor.runScript(TestCaseExecutor.java:448)
	at com.kms.katalon.core.main.TestCaseExecutor.doExecute(TestCaseExecutor.java:439)
	at com.kms.katalon.core.main.TestCaseExecutor.processExecutionPhase(TestCaseExecutor.java:418)
	at com.kms.katalon.core.main.TestCaseExecutor.accessMainPhase(TestCaseExecutor.java:410)
	at com.kms.katalon.core.main.TestCaseExecutor.execute(TestCaseExecutor.java:285)
	at com.kms.katalon.core.common.CommonExecutor.accessTestCaseMainPhase(CommonExecutor.java:65)
	at com.kms.katalon.core.main.TestSuiteExecutor.accessTestSuiteMainPhase(TestSuiteExecutor.java:148)
	at com.kms.katalon.core.main.TestSuiteExecutor.execute(TestSuiteExecutor.java:106)
	at com.kms.katalon.core.main.TestCaseMain.startTestSuite(TestCaseMain.java:180)
	at TempTestSuite1712312180592.run(TempTestSuite1712312180592.groovy:35)
	at java.base/jdk.internal.reflect.NativeMethodAccessorImpl.invoke0(Native Method)
	at java.base/jdk.internal.reflect.NativeMethodAccessorImpl.invoke(NativeMethodAccessorImpl.java:77)
	at java.base/jdk.internal.reflect.DelegatingMethodAccessorImpl.invoke(DelegatingMethodAccessorImpl.java:43)
)
[[ATTACHMENT|C:\\Users\\sushil.gaikwad\\git\\EguruSmart1\\Reports\\20240405_154620\\Test Suite TC1\\20240405_154620\\1712312351264.png]]

05-04-2024T15:49:13 - [MESSAGE][FAILED] - Failed to tap on element 'Object Repository/NewObject/DropDownSearchedDistrict' (Root cause: com.kms.katalon.core.exception.StepFailedException: Failed to tap on element 'Object Repository/NewObject/DropDownSearchedDistrict'
	at com.kms.katalon.core.mobile.keyword.internal.MobileKeywordMain.stepFailed(MobileKeywordMain.groovy:38)
	at com.kms.katalon.core.mobile.keyword.internal.MobileKeywordMain.runKeyword(MobileKeywordMain.groovy:21)
	at com.kms.katalon.core.mobile.keyword.builtin.TapKeyword.tap(TapKeyword.groovy:51)
	at com.kms.katalon.core.mobile.keyword.builtin.TapKeyword.execute(TapKeyword.groovy:35)
	at com.kms.katalon.core.keyword.internal.KeywordExecutor.executeKeywordForPlatform(KeywordExecutor.groovy:74)
	at com.kms.katalon.core.mobile.keyword.MobileBuiltInKeywords.tap(MobileBuiltInKeywords.groovy:1476)
	at TC_01 - To verify that opty creation for the new customer.run(TC_01 - To verify that opty creation for the new customer:174)
	at com.kms.katalon.core.main.ScriptEngine.run(ScriptEngine.java:194)
	at com.kms.katalon.core.main.ScriptEngine.runScriptAsRawText(ScriptEngine.java:119)
	at com.kms.katalon.core.main.TestCaseExecutor.runScript(TestCaseExecutor.java:448)
	at com.kms.katalon.core.main.TestCaseExecutor.doExecute(TestCaseExecutor.java:439)
	at com.kms.katalon.core.main.TestCaseExecutor.processExecutionPhase(TestCaseExecutor.java:418)
	at com.kms.katalon.core.main.TestCaseExecutor.accessMainPhase(TestCaseExecutor.java:410)
	at com.kms.katalon.core.main.TestCaseExecutor.execute(TestCaseExecutor.java:285)
	at com.kms.katalon.core.common.CommonExecutor.accessTestCaseMainPhase(CommonExecutor.java:65)
	at com.kms.katalon.core.main.TestSuiteExecutor.accessTestSuiteMainPhase(TestSuiteExecutor.java:148)
	at com.kms.katalon.core.main.TestSuiteExecutor.execute(TestSuiteExecutor.java:106)
	at com.kms.katalon.core.main.TestCaseMain.startTestSuite(TestCaseMain.java:180)
	at TempTestSuite1712312180592.run(TempTestSuite1712312180592.groovy:35)
	at java.base/jdk.internal.reflect.NativeMethodAccessorImpl.invoke0(Native Method)
	at java.base/jdk.internal.reflect.NativeMethodAccessorImpl.invoke(NativeMethodAccessorImpl.java:77)
	at java.base/jdk.internal.reflect.DelegatingMethodAccessorImpl.invoke(DelegatingMethodAccessorImpl.java:43)
Caused by: com.kms.katalon.core.exception.StepFailedException: Object Object Repository/NewObject/DropDownSearchedDistrict not found
	at com.kms.katalon.core.mobile.keyword.internal.MobileKeywordMain.stepFailed(MobileKeywordMain.groovy:38)
	at com.kms.katalon.core.mobile.keyword.builtin.TapKeyword$_tap_closure1.doCall(TapKeyword.groovy:46)
	at com.kms.katalon.core.mobile.keyword.builtin.TapKeyword$_tap_closure1.call(TapKeyword.groovy)
	at com.kms.katalon.core.mobile.keyword.internal.MobileKeywordMain.runKeyword(MobileKeywordMain.groovy:19)
	... 20 more
)
[[ATTACHMENT|C:\\Users\\sushil.gaikwad\\git\\EguruSmart1\\Reports\\20240405_154620\\Test Suite TC1\\20240405_154620\\1712312352249.png]]]]></system-out>
         <system-err><![CDATA[05-04-2024T15:46:26 - [TEST_CASE][FAILED] - Test Cases/TC/TC_01 - To verify that opty creation for the new customer: Test Cases/TC/TC_01 - To verify that opty creation for the new customer FAILED.
Reason:
com.kms.katalon.core.exception.StepFailedException: Failed to tap on element 'Object Repository/NewObject/DropDownSearchedDistrict'
	at com.kms.katalon.core.mobile.keyword.internal.MobileKeywordMain.stepFailed(MobileKeywordMain.groovy:38)
	at com.kms.katalon.core.mobile.keyword.internal.MobileKeywordMain.runKeyword(MobileKeywordMain.groovy:21)
	at com.kms.katalon.core.mobile.keyword.builtin.TapKeyword.tap(TapKeyword.groovy:51)
	at com.kms.katalon.core.mobile.keyword.builtin.TapKeyword.execute(TapKeyword.groovy:35)
	at com.kms.katalon.core.keyword.internal.KeywordExecutor.executeKeywordForPlatform(KeywordExecutor.groovy:74)
	at com.kms.katalon.core.mobile.keyword.MobileBuiltInKeywords.tap(MobileBuiltInKeywords.groovy:1476)
	at TC_01 - To verify that opty creation for the new customer.run(TC_01 - To verify that opty creation for the new customer:174)
	at com.kms.katalon.core.main.ScriptEngine.run(ScriptEngine.java:194)
	at com.kms.katalon.core.main.ScriptEngine.runScriptAsRawText(ScriptEngine.java:119)
	at com.kms.katalon.core.main.TestCaseExecutor.runScript(TestCaseExecutor.java:448)
	at com.kms.katalon.core.main.TestCaseExecutor.doExecute(TestCaseExecutor.java:439)
	at com.kms.katalon.core.main.TestCaseExecutor.processExecutionPhase(TestCaseExecutor.java:418)
	at com.kms.katalon.core.main.TestCaseExecutor.accessMainPhase(TestCaseExecutor.java:410)
	at com.kms.katalon.core.main.TestCaseExecutor.execute(TestCaseExecutor.java:285)
	at com.kms.katalon.core.common.CommonExecutor.accessTestCaseMainPhase(CommonExecutor.java:65)
	at com.kms.katalon.core.main.TestSuiteExecutor.accessTestSuiteMainPhase(TestSuiteExecutor.java:148)
	at com.kms.katalon.core.main.TestSuiteExecutor.execute(TestSuiteExecutor.java:106)
	at com.kms.katalon.core.main.TestCaseMain.startTestSuite(TestCaseMain.java:180)
	at TempTestSuite1712312180592.run(TempTestSuite1712312180592.groovy:35)
	at java.base/jdk.internal.reflect.NativeMethodAccessorImpl.invoke0(Native Method)
	at java.base/jdk.internal.reflect.NativeMethodAccessorImpl.invoke(NativeMethodAccessorImpl.java:77)
	at java.base/jdk.internal.reflect.DelegatingMethodAccessorImpl.invoke(DelegatingMethodAccessorImpl.java:43)
Caused by: com.kms.katalon.core.exception.StepFailedException: Object Object Repository/NewObject/DropDownSearchedDistrict not found
	at com.kms.katalon.core.mobile.keyword.internal.MobileKeywordMain.stepFailed(MobileKeywordMain.groovy:38)
	at com.kms.katalon.core.mobile.keyword.builtin.TapKeyword$_tap_closure1.doCall(TapKeyword.groovy:46)
	at com.kms.katalon.core.mobile.keyword.builtin.TapKeyword$_tap_closure1.call(TapKeyword.groovy)
	at com.kms.katalon.core.mobile.keyword.internal.MobileKeywordMain.runKeyword(MobileKeywordMain.groovy:19)
	... 20 more]]></system-err>
      </testcase>
      <system-out><![CDATA[05-04-2024T15:46:26 - [TEST_SUITE][FAILED] - Test Suite TC1: Test Cases/TC/TC_01 - To verify that opty creation for the new customer FAILED.
Reason:
com.kms.katalon.core.exception.StepFailedException: Failed to tap on element 'Object Repository/NewObject/DropDownSearchedDistrict'
	at com.kms.katalon.core.mobile.keyword.internal.MobileKeywordMain.stepFailed(MobileKeywordMain.groovy:38)
	at com.kms.katalon.core.mobile.keyword.internal.MobileKeywordMain.runKeyword(MobileKeywordMain.groovy:21)
	at com.kms.katalon.core.mobile.keyword.builtin.TapKeyword.tap(TapKeyword.groovy:51)
	at com.kms.katalon.core.mobile.keyword.builtin.TapKeyword.execute(TapKeyword.groovy:35)
	at com.kms.katalon.core.keyword.internal.KeywordExecutor.executeKeywordForPlatform(KeywordExecutor.groovy:74)
	at com.kms.katalon.core.mobile.keyword.MobileBuiltInKeywords.tap(MobileBuiltInKeywords.groovy:1476)
	at TC_01 - To verify that opty creation for the new customer.run(TC_01 - To verify that opty creation for the new customer:174)
	at com.kms.katalon.core.main.ScriptEngine.run(ScriptEngine.java:194)
	at com.kms.katalon.core.main.ScriptEngine.runScriptAsRawText(ScriptEngine.java:119)
	at com.kms.katalon.core.main.TestCaseExecutor.runScript(TestCaseExecutor.java:448)
	at com.kms.katalon.core.main.TestCaseExecutor.doExecute(TestCaseExecutor.java:439)
	at com.kms.katalon.core.main.TestCaseExecutor.processExecutionPhase(TestCaseExecutor.java:418)
	at com.kms.katalon.core.main.TestCaseExecutor.accessMainPhase(TestCaseExecutor.java:410)
	at com.kms.katalon.core.main.TestCaseExecutor.execute(TestCaseExecutor.java:285)
	at com.kms.katalon.core.common.CommonExecutor.accessTestCaseMainPhase(CommonExecutor.java:65)
	at com.kms.katalon.core.main.TestSuiteExecutor.accessTestSuiteMainPhase(TestSuiteExecutor.java:148)
	at com.kms.katalon.core.main.TestSuiteExecutor.execute(TestSuiteExecutor.java:106)
	at com.kms.katalon.core.main.TestCaseMain.startTestSuite(TestCaseMain.java:180)
	at TempTestSuite1712312180592.run(TempTestSuite1712312180592.groovy:35)
	at java.base/jdk.internal.reflect.NativeMethodAccessorImpl.invoke0(Native Method)
	at java.base/jdk.internal.reflect.NativeMethodAccessorImpl.invoke(NativeMethodAccessorImpl.java:77)
	at java.base/jdk.internal.reflect.DelegatingMethodAccessorImpl.invoke(DelegatingMethodAccessorImpl.java:43)
Caused by: com.kms.katalon.core.exception.StepFailedException: Object Object Repository/NewObject/DropDownSearchedDistrict not found
	at com.kms.katalon.core.mobile.keyword.internal.MobileKeywordMain.stepFailed(MobileKeywordMain.groovy:38)
	at com.kms.katalon.core.mobile.keyword.builtin.TapKeyword$_tap_closure1.doCall(TapKeyword.groovy:46)
	at com.kms.katalon.core.mobile.keyword.builtin.TapKeyword$_tap_closure1.call(TapKeyword.groovy)
	at com.kms.katalon.core.mobile.keyword.internal.MobileKeywordMain.runKeyword(MobileKeywordMain.groovy:19)
	... 20 more]]></system-out>
      <system-err><![CDATA[05-04-2024T15:46:26 - [TEST_SUITE][FAILED] - Test Suite TC1: Test Cases/TC/TC_01 - To verify that opty creation for the new customer FAILED.
Reason:
com.kms.katalon.core.exception.StepFailedException: Failed to tap on element 'Object Repository/NewObject/DropDownSearchedDistrict'
	at com.kms.katalon.core.mobile.keyword.internal.MobileKeywordMain.stepFailed(MobileKeywordMain.groovy:38)
	at com.kms.katalon.core.mobile.keyword.internal.MobileKeywordMain.runKeyword(MobileKeywordMain.groovy:21)
	at com.kms.katalon.core.mobile.keyword.builtin.TapKeyword.tap(TapKeyword.groovy:51)
	at com.kms.katalon.core.mobile.keyword.builtin.TapKeyword.execute(TapKeyword.groovy:35)
	at com.kms.katalon.core.keyword.internal.KeywordExecutor.executeKeywordForPlatform(KeywordExecutor.groovy:74)
	at com.kms.katalon.core.mobile.keyword.MobileBuiltInKeywords.tap(MobileBuiltInKeywords.groovy:1476)
	at TC_01 - To verify that opty creation for the new customer.run(TC_01 - To verify that opty creation for the new customer:174)
	at com.kms.katalon.core.main.ScriptEngine.run(ScriptEngine.java:194)
	at com.kms.katalon.core.main.ScriptEngine.runScriptAsRawText(ScriptEngine.java:119)
	at com.kms.katalon.core.main.TestCaseExecutor.runScript(TestCaseExecutor.java:448)
	at com.kms.katalon.core.main.TestCaseExecutor.doExecute(TestCaseExecutor.java:439)
	at com.kms.katalon.core.main.TestCaseExecutor.processExecutionPhase(TestCaseExecutor.java:418)
	at com.kms.katalon.core.main.TestCaseExecutor.accessMainPhase(TestCaseExecutor.java:410)
	at com.kms.katalon.core.main.TestCaseExecutor.execute(TestCaseExecutor.java:285)
	at com.kms.katalon.core.common.CommonExecutor.accessTestCaseMainPhase(CommonExecutor.java:65)
	at com.kms.katalon.core.main.TestSuiteExecutor.accessTestSuiteMainPhase(TestSuiteExecutor.java:148)
	at com.kms.katalon.core.main.TestSuiteExecutor.execute(TestSuiteExecutor.java:106)
	at com.kms.katalon.core.main.TestCaseMain.startTestSuite(TestCaseMain.java:180)
	at TempTestSuite1712312180592.run(TempTestSuite1712312180592.groovy:35)
	at java.base/jdk.internal.reflect.NativeMethodAccessorImpl.invoke0(Native Method)
	at java.base/jdk.internal.reflect.NativeMethodAccessorImpl.invoke(NativeMethodAccessorImpl.java:77)
	at java.base/jdk.internal.reflect.DelegatingMethodAccessorImpl.invoke(DelegatingMethodAccessorImpl.java:43)
Caused by: com.kms.katalon.core.exception.StepFailedException: Object Object Repository/NewObject/DropDownSearchedDistrict not found
	at com.kms.katalon.core.mobile.keyword.internal.MobileKeywordMain.stepFailed(MobileKeywordMain.groovy:38)
	at com.kms.katalon.core.mobile.keyword.builtin.TapKeyword$_tap_closure1.doCall(TapKeyword.groovy:46)
	at com.kms.katalon.core.mobile.keyword.builtin.TapKeyword$_tap_closure1.call(TapKeyword.groovy)
	at com.kms.katalon.core.mobile.keyword.internal.MobileKeywordMain.runKeyword(MobileKeywordMain.groovy:19)
	... 20 more]]></system-err>
   </testsuite>
</testsuites>
