<?xml version="1.0" encoding="UTF-8"?>
<testsuites name="TS-01" time="193.67" tests="1" failures="0" errors="0">
   <testsuite name="TS-01" tests="1" failures="0" errors="0" time="193.67" skipped="0" timestamp="17-01-2024T11:37:25" hostname="Sushil.Gaikwad - DS025.step.com" id="Test Suites/TS-01">
      <properties>
         <property name="deviceName" value="samsung SM-A032F (Android 13)"/>
         <property name="devicePlatform" value=""/>
         <property name="logFolder" value="C:\\Users\\sushil.gaikwad\\Downloads\\tatamotarsdemo 1\\tatamotarsdemo\\Reports\\20240117_113719\\TS-01\\20240117_113719"/>
         <property name="logFiles" value="C:\\Users\\sushil.gaikwad\\Downloads\\tatamotarsdemo 1\\tatamotarsdemo\\Reports\\20240117_113719\\TS-01\\20240117_113719\\appium.log, C:\\Users\\sushil.gaikwad\\Downloads\\tatamotarsdemo 1\\tatamotarsdemo\\Reports\\20240117_113719\\TS-01\\20240117_113719\\appium_error.log, C:\\Users\\sushil.gaikwad\\Downloads\\tatamotarsdemo 1\\tatamotarsdemo\\Reports\\20240117_113719\\TS-01\\20240117_113719\\execution0.log"/>
         <property name="attachments" value=""/>
         <property name="hostName" value="Sushil.Gaikwad - DS025.step.com"/>
         <property name="os" value="Windows 10 64bit"/>
         <property name="appiumServerStatus" value="{&quot;value&quot;:{&quot;build&quot;:{&quot;version&quot;:&quot;1.22.3&quot;}},&quot;sessionId&quot;:null,&quot;status&quot;:0}"/>
         <property name="katalonVersion" value="9.1.0.212"/>
         <property name="deviceOS" value="Android"/>
         <property name="appiumVersion" value="1.22.3"/>
         <property name="deviceModel" value="SM-A032F"/>
         <property name="hostAddress" value="192.168.0.118"/>
         <property name="deviceManufacturer" value="samsung"/>
         <property name="deviceId" value="R9ZT10H9Y2L"/>
         <property name="deviceName" value="samsung SM-A032F (Android 13)"/>
         <property name="deviceOSVersion" value="13"/>
      </properties>
      <testcase name="Test Cases/TC/TC_03 -Add Account" time="193.368" classname="Test Cases/TC/TC_03 -Add Account" status="PASSED">
         <system-out><![CDATA[17-01-2024T11:37:25 - [TEST_CASE][PASSED] - Test Cases/TC/TC_03 -Add Account: Test Cases/TC/TC_03 -Add Account

17-01-2024T11:37:26 - [TEST_STEP][PASSED] - callTestCase(findTestCase("CommenWorkflows/Login"), ["Str_URL":"C:\Users\sushil.gaikwad\Downloads\tatamotarsdemo 1\tatamotarsdemo\Application\app-release 2.apk", "Str_Username":"DUSER145", ... ], STOP_ON_FAILURE): Call Test Case 'Test Cases/CommenWorkflows/Login' successfully

17-01-2024T11:37:27 - [TEST_CASE][PASSED] - Test Cases/CommenWorkflows/Login: Test Cases/CommenWorkflows/Login

17-01-2024T11:37:27 - [TEST_STEP][PASSED] - startApplication(Str_URL, true): Started app at: 'C:\Users\sushil.gaikwad\Downloads\tatamotarsdemo 1\tatamotarsdemo\Application\app-release 2.apk'

17-01-2024T11:37:28 - [MESSAGE][INFO] - User set preference: ['deviceId', '']

17-01-2024T11:37:28 - [MESSAGE][INFO] - Detected NodeJS location: "C:\Program Files\nodejs\node.exe"

17-01-2024T11:37:32 - [MESSAGE][INFO] - PATH: C:\Program Files\nodejs;

17-01-2024T11:37:32 - [MESSAGE][INFO] - APPIUM_HOME: C:\Users\sushil.gaikwad\AppData\Roaming\npm\node_modules\appium\build\lib\main.js

17-01-2024T11:37:32 - [MESSAGE][INFO] - appium outlog: C:\Users\sushil.gaikwad\Downloads\tatamotarsdemo 1\tatamotarsdemo\Reports\20240117_113719\TS-01\20240117_113719\appium.log

17-01-2024T11:37:32 - [MESSAGE][INFO] - appium errlog: C:\Users\sushil.gaikwad\Downloads\tatamotarsdemo 1\tatamotarsdemo\Reports\20240117_113719\TS-01\20240117_113719\appium_error.log

17-01-2024T11:37:35 - [MESSAGE][INFO] - Appium server started on port 60,364

17-01-2024T11:38:01 - [MESSAGE][PASSED] - Started app at: 'C:\Users\sushil.gaikwad\Downloads\tatamotarsdemo 1\tatamotarsdemo\Application\app-release 2.apk'

17-01-2024T11:38:01 - [TEST_STEP][PASSED] - Bool_Username = waitForElementPresent(findTestObject("LockScreen/UsernaneText"), 30): Element 'Object Repository/LockScreen/UsernaneText' is present

17-01-2024T11:38:01 - [MESSAGE][PASSED] - Element 'Object Repository/LockScreen/UsernaneText' is present

17-01-2024T11:38:01 - [TEST_STEP][PASSED] - if (Bool_Username == true): null

17-01-2024T11:38:01 - [TEST_STEP][PASSED] - setText(findTestObject("LockScreen/Username"), Str_Username, 0): Text 'DUSER145' has been set to element 'Object Repository/LockScreen/Username'

17-01-2024T11:38:01 - [MESSAGE][WARNING] - Timeout '0' is invalid. Using default page load timeout: '30'

17-01-2024T11:38:07 - [MESSAGE][PASSED] - Text 'DUSER145' has been set to element 'Object Repository/LockScreen/Username'

17-01-2024T11:38:07 - [TEST_STEP][PASSED] - hideKeyboard(): Keyboard is hidden

17-01-2024T11:38:10 - [MESSAGE][PASSED] - Keyboard is hidden

17-01-2024T11:38:10 - [TEST_STEP][PASSED] - setText(findTestObject("LockScreen/Password"), Str_Password, 0): Text 'Soct#2023' has been set to element 'Object Repository/LockScreen/Password'

17-01-2024T11:38:10 - [MESSAGE][WARNING] - Timeout '0' is invalid. Using default page load timeout: '30'

17-01-2024T11:38:12 - [MESSAGE][PASSED] - Text 'Soct#2023' has been set to element 'Object Repository/LockScreen/Password'

17-01-2024T11:38:12 - [TEST_STEP][PASSED] - hideKeyboard(): Keyboard is hidden

17-01-2024T11:38:16 - [MESSAGE][PASSED] - Keyboard is hidden

17-01-2024T11:38:16 - [TEST_STEP][PASSED] - tap(findTestObject("LockScreen/LoginButton"), 0): Tapped on element 'Object Repository/LockScreen/LoginButton'

17-01-2024T11:38:16 - [MESSAGE][WARNING] - Timeout '0' is invalid. Using default page load timeout: '30'

17-01-2024T11:38:18 - [MESSAGE][PASSED] - Tapped on element 'Object Repository/LockScreen/LoginButton'

17-01-2024T11:38:18 - [TEST_STEP][PASSED] - setText(findTestObject("LockScreen/NewPin/NewPin1"), "1", 0): Text '1' has been set to element 'Object Repository/LockScreen/NewPin/NewPin1'

17-01-2024T11:38:18 - [MESSAGE][WARNING] - Timeout '0' is invalid. Using default page load timeout: '30'

17-01-2024T11:38:20 - [MESSAGE][PASSED] - Text '1' has been set to element 'Object Repository/LockScreen/NewPin/NewPin1'

17-01-2024T11:38:20 - [TEST_STEP][PASSED] - setText(findTestObject("LockScreen/NewPin/NewPin2"), "2", 0): Text '2' has been set to element 'Object Repository/LockScreen/NewPin/NewPin2'

17-01-2024T11:38:21 - [MESSAGE][WARNING] - Timeout '0' is invalid. Using default page load timeout: '30'

17-01-2024T11:38:22 - [MESSAGE][PASSED] - Text '2' has been set to element 'Object Repository/LockScreen/NewPin/NewPin2'

17-01-2024T11:38:22 - [TEST_STEP][PASSED] - setText(findTestObject("LockScreen/NewPin/NewPin3"), "3", 0): Text '3' has been set to element 'Object Repository/LockScreen/NewPin/NewPin3'

17-01-2024T11:38:22 - [MESSAGE][WARNING] - Timeout '0' is invalid. Using default page load timeout: '30'

17-01-2024T11:38:23 - [MESSAGE][PASSED] - Text '3' has been set to element 'Object Repository/LockScreen/NewPin/NewPin3'

17-01-2024T11:38:23 - [TEST_STEP][PASSED] - setText(findTestObject("LockScreen/NewPin/NewPin4"), "4", 0): Text '4' has been set to element 'Object Repository/LockScreen/NewPin/NewPin4'

17-01-2024T11:38:23 - [MESSAGE][WARNING] - Timeout '0' is invalid. Using default page load timeout: '30'

17-01-2024T11:38:25 - [MESSAGE][PASSED] - Text '4' has been set to element 'Object Repository/LockScreen/NewPin/NewPin4'

17-01-2024T11:38:25 - [TEST_STEP][PASSED] - setText(findTestObject("LockScreen/NewPin/ConfirmPin1"), "1", 0): Text '1' has been set to element 'Object Repository/LockScreen/NewPin/ConfirmPin1'

17-01-2024T11:38:25 - [MESSAGE][WARNING] - Timeout '0' is invalid. Using default page load timeout: '30'

17-01-2024T11:38:27 - [MESSAGE][PASSED] - Text '1' has been set to element 'Object Repository/LockScreen/NewPin/ConfirmPin1'

17-01-2024T11:38:27 - [TEST_STEP][PASSED] - setText(findTestObject("LockScreen/NewPin/ConfirmPin2"), "2", 0): Text '2' has been set to element 'Object Repository/LockScreen/NewPin/ConfirmPin2'

17-01-2024T11:38:27 - [MESSAGE][WARNING] - Timeout '0' is invalid. Using default page load timeout: '30'

17-01-2024T11:38:28 - [MESSAGE][PASSED] - Text '2' has been set to element 'Object Repository/LockScreen/NewPin/ConfirmPin2'

17-01-2024T11:38:28 - [TEST_STEP][PASSED] - setText(findTestObject("LockScreen/NewPin/ConfirmPin3"), "3", 0): Text '3' has been set to element 'Object Repository/LockScreen/NewPin/ConfirmPin3'

17-01-2024T11:38:28 - [MESSAGE][WARNING] - Timeout '0' is invalid. Using default page load timeout: '30'

17-01-2024T11:38:30 - [MESSAGE][PASSED] - Text '3' has been set to element 'Object Repository/LockScreen/NewPin/ConfirmPin3'

17-01-2024T11:38:30 - [TEST_STEP][PASSED] - setText(findTestObject("LockScreen/NewPin/ConfirmPin4"), "4", 0): Text '4' has been set to element 'Object Repository/LockScreen/NewPin/ConfirmPin4'

17-01-2024T11:38:30 - [MESSAGE][WARNING] - Timeout '0' is invalid. Using default page load timeout: '30'

17-01-2024T11:38:31 - [MESSAGE][PASSED] - Text '4' has been set to element 'Object Repository/LockScreen/NewPin/ConfirmPin4'

17-01-2024T11:38:31 - [TEST_STEP][PASSED] - Bool_Offline = waitForElementPresent(findTestObject("LockScreen/NewPin/Offline Master Sync"), 10): Element 'Object Repository/LockScreen/NewPin/Offline Master Sync' is present

17-01-2024T11:38:33 - [MESSAGE][PASSED] - Element 'Object Repository/LockScreen/NewPin/Offline Master Sync' is present

17-01-2024T11:38:33 - [TEST_STEP][PASSED] - if (Bool_Offline == true): Tapped on element 'Object Repository/LockScreen/NewPin/OkButton'

17-01-2024T11:38:33 - [TEST_STEP][PASSED] - tap(findTestObject("LockScreen/NewPin/OkButton"), 0): Tapped on element 'Object Repository/LockScreen/NewPin/OkButton'

17-01-2024T11:38:33 - [MESSAGE][WARNING] - Timeout '0' is invalid. Using default page load timeout: '30'

17-01-2024T11:38:35 - [MESSAGE][PASSED] - Tapped on element 'Object Repository/LockScreen/NewPin/OkButton'

17-01-2024T11:38:35 - [TEST_STEP][PASSED] - Bool_Offline = waitForElementPresent(findTestObject("LockScreen/NewPin/Offline Master Sync"), 30): Object Object Repository/LockScreen/NewPin/Offline Master Sync not found

17-01-2024T11:39:05 - [MESSAGE][WARNING] - Object Object Repository/LockScreen/NewPin/Offline Master Sync not found

17-01-2024T11:39:05 - [TEST_STEP][PASSED] - if (Bool_Offline == true): null

17-01-2024T11:39:05 - [MESSAGE][PASSED] - Call Test Case 'Test Cases/CommenWorkflows/Login' successfully

17-01-2024T11:39:05 - [TEST_STEP][PASSED] - verifyElementExist(findTestObject("TataMotars/HomeButton"), 10): Element 'Object Repository/TataMotars/HomeButton' is exist

17-01-2024T11:39:05 - [MESSAGE][PASSED] - Element 'Object Repository/TataMotars/HomeButton' is exist

17-01-2024T11:39:05 - [TEST_STEP][PASSED] - tap(findTestObject("TataMotars/PluseButton"), 0): Tapped on element 'Object Repository/TataMotars/PluseButton'

17-01-2024T11:39:05 - [MESSAGE][WARNING] - Timeout '0' is invalid. Using default page load timeout: '30'

17-01-2024T11:39:07 - [MESSAGE][PASSED] - Tapped on element 'Object Repository/TataMotars/PluseButton'

17-01-2024T11:39:07 - [TEST_STEP][PASSED] - bool_Opportunity = verifyElementExist(findTestObject("TataMotars/Pluse Button/OpportunityButton"), 0): Element 'Object Repository/TataMotars/Pluse Button/OpportunityButton' is exist

17-01-2024T11:39:07 - [MESSAGE][WARNING] - Timeout '0' is invalid. Using default page load timeout: '30'

17-01-2024T11:39:07 - [MESSAGE][PASSED] - Element 'Object Repository/TataMotars/Pluse Button/OpportunityButton' is exist

17-01-2024T11:39:07 - [TEST_STEP][PASSED] - bool_Account = verifyElementExist(findTestObject("TataMotars/Pluse Button/Account"), 0): Element 'Object Repository/TataMotars/Pluse Button/Account' is exist

17-01-2024T11:39:07 - [MESSAGE][WARNING] - Timeout '0' is invalid. Using default page load timeout: '30'

17-01-2024T11:39:07 - [MESSAGE][PASSED] - Element 'Object Repository/TataMotars/Pluse Button/Account' is exist

17-01-2024T11:39:07 - [TEST_STEP][PASSED] - bool_Customer = verifyElementExist(findTestObject("TataMotars/Pluse Button/Customer"), 0): Element 'Object Repository/TataMotars/Pluse Button/Customer' is exist

17-01-2024T11:39:07 - [MESSAGE][WARNING] - Timeout '0' is invalid. Using default page load timeout: '30'

17-01-2024T11:39:08 - [MESSAGE][PASSED] - Element 'Object Repository/TataMotars/Pluse Button/Customer' is exist

17-01-2024T11:39:08 - [TEST_STEP][PASSED] - bool_Influencer = verifyElementExist(findTestObject("TataMotars/Pluse Button/Influencer"), 0): Element 'Object Repository/TataMotars/Pluse Button/Influencer' is exist

17-01-2024T11:39:08 - [MESSAGE][WARNING] - Timeout '0' is invalid. Using default page load timeout: '30'

17-01-2024T11:39:08 - [MESSAGE][PASSED] - Element 'Object Repository/TataMotars/Pluse Button/Influencer' is exist

17-01-2024T11:39:08 - [TEST_STEP][PASSED] - bool_FollowUp = verifyElementExist(findTestObject("TataMotars/Pluse Button/Follow Up"), 0): Element 'Object Repository/TataMotars/Pluse Button/Follow Up' is exist

17-01-2024T11:39:08 - [MESSAGE][WARNING] - Timeout '0' is invalid. Using default page load timeout: '30'

17-01-2024T11:39:08 - [MESSAGE][PASSED] - Element 'Object Repository/TataMotars/Pluse Button/Follow Up' is exist

17-01-2024T11:39:08 - [TEST_STEP][PASSED] - bool_Opportunity && bool_Account && bool_Customer && bool_Influencer && bool_FollowUp == false: null

17-01-2024T11:39:08 - [TEST_STEP][PASSED] - takeScreenshot("", STOP_ON_FAILURE): Screenshot is taken

17-01-2024T11:39:10 - [MESSAGE][WARNING] - 

17-01-2024T11:39:10 - [MESSAGE][PASSED] - Screenshot is taken

17-01-2024T11:39:10 - [TEST_STEP][PASSED] - tap(findTestObject("TataMotars/Pluse Button/Account"), 3): Tapped on element 'Object Repository/TataMotars/Pluse Button/Account'

17-01-2024T11:39:11 - [MESSAGE][PASSED] - Tapped on element 'Object Repository/TataMotars/Pluse Button/Account'

17-01-2024T11:39:11 - [TEST_STEP][PASSED] - bool_Individual = verifyElementExist(findTestObject("Add Account/Individual RadioButton"), 30): Element 'Object Repository/Add Account/Individual RadioButton' is exist

17-01-2024T11:39:11 - [MESSAGE][PASSED] - Element 'Object Repository/Add Account/Individual RadioButton' is exist

17-01-2024T11:39:11 - [TEST_STEP][PASSED] - bool_AccountName = verifyElementExist(findTestObject("Add Account/Account Name"), 30): Element 'Object Repository/Add Account/Account Name' is exist

17-01-2024T11:39:12 - [MESSAGE][PASSED] - Element 'Object Repository/Add Account/Account Name' is exist

17-01-2024T11:39:12 - [TEST_STEP][PASSED] - bool_MainPhoneNumber = verifyElementExist(findTestObject("Add Account/Main Phone Number"), 30): Element 'Object Repository/Add Account/Main Phone Number' is exist

17-01-2024T11:39:13 - [MESSAGE][PASSED] - Element 'Object Repository/Add Account/Main Phone Number' is exist

17-01-2024T11:39:13 - [TEST_STEP][PASSED] - bool_Individual && bool_AccountName && bool_MainPhoneNumber == true: null

17-01-2024T11:39:13 - [TEST_STEP][PASSED] - takeScreenshot("", STOP_ON_FAILURE): Screenshot is taken

17-01-2024T11:39:14 - [MESSAGE][WARNING] - 

17-01-2024T11:39:14 - [MESSAGE][PASSED] - Screenshot is taken

17-01-2024T11:39:14 - [TEST_STEP][PASSED] - Bool_Offline = waitForElementPresent(findTestObject("LockScreen/NewPin/Offline Master Sync"), 30): Element 'Object Repository/LockScreen/NewPin/Offline Master Sync' is present

17-01-2024T11:39:15 - [MESSAGE][PASSED] - Element 'Object Repository/LockScreen/NewPin/Offline Master Sync' is present

17-01-2024T11:39:15 - [TEST_STEP][PASSED] - if (Bool_Offline == true): Tapped on element 'Object Repository/LockScreen/NewPin/OkButton'

17-01-2024T11:39:15 - [TEST_STEP][PASSED] - tap(findTestObject("LockScreen/NewPin/OkButton"), 5): Tapped on element 'Object Repository/LockScreen/NewPin/OkButton'

17-01-2024T11:39:17 - [MESSAGE][PASSED] - Tapped on element 'Object Repository/LockScreen/NewPin/OkButton'

17-01-2024T11:39:17 - [TEST_STEP][PASSED] - checkElement(findTestObject("Add Account/Individual RadioButton"), 0): Element 'Object Repository/Add Account/Individual RadioButton' is checked

17-01-2024T11:39:17 - [MESSAGE][WARNING] - Timeout '0' is invalid. Using default page load timeout: '30'

17-01-2024T11:39:18 - [MESSAGE][PASSED] - Element 'Object Repository/Add Account/Individual RadioButton' is checked

17-01-2024T11:39:18 - [TEST_STEP][PASSED] - setText(findTestObject("Add Account/Account Name"), str_AccountName, 0): Text 'Step Office' has been set to element 'Object Repository/Add Account/Account Name'

17-01-2024T11:39:18 - [MESSAGE][WARNING] - Timeout '0' is invalid. Using default page load timeout: '30'

17-01-2024T11:39:20 - [MESSAGE][PASSED] - Text 'Step Office' has been set to element 'Object Repository/Add Account/Account Name'

17-01-2024T11:39:20 - [TEST_STEP][PASSED] - hideKeyboard(): Keyboard is hidden

17-01-2024T11:39:22 - [MESSAGE][PASSED] - Keyboard is hidden

17-01-2024T11:39:22 - [TEST_STEP][PASSED] - setText(findTestObject("Add Account/Main Phone Number"), str_MainMobileNo, 0): Text '9988667890' has been set to element 'Object Repository/Add Account/Main Phone Number'

17-01-2024T11:39:22 - [MESSAGE][WARNING] - Timeout '0' is invalid. Using default page load timeout: '30'

17-01-2024T11:39:24 - [MESSAGE][PASSED] - Text '9988667890' has been set to element 'Object Repository/Add Account/Main Phone Number'

17-01-2024T11:39:24 - [TEST_STEP][PASSED] - hideKeyboard(): Keyboard is hidden

17-01-2024T11:39:28 - [MESSAGE][PASSED] - Keyboard is hidden

17-01-2024T11:39:28 - [TEST_STEP][PASSED] - tap(findTestObject("Primery Details/Address Details/NextButton"), 0): Tapped on element 'Object Repository/Primery Details/Address Details/NextButton'

17-01-2024T11:39:28 - [MESSAGE][WARNING] - Timeout '0' is invalid. Using default page load timeout: '30'

17-01-2024T11:39:29 - [MESSAGE][PASSED] - Tapped on element 'Object Repository/Primery Details/Address Details/NextButton'

17-01-2024T11:39:29 - [TEST_STEP][PASSED] - bool_Pincode = verifyElementExist(findTestObject("Primery Details/Address Details/Pincode"), 30): Element 'Object Repository/Primery Details/Address Details/Pincode' is exist

17-01-2024T11:39:30 - [MESSAGE][PASSED] - Element 'Object Repository/Primery Details/Address Details/Pincode' is exist

17-01-2024T11:39:30 - [TEST_STEP][PASSED] - takeScreenshot("", STOP_ON_FAILURE): Screenshot is taken

17-01-2024T11:39:31 - [MESSAGE][WARNING] - 

17-01-2024T11:39:31 - [MESSAGE][PASSED] - Screenshot is taken

17-01-2024T11:39:31 - [TEST_STEP][PASSED] - Bool_Offline = waitForElementPresent(findTestObject("LockScreen/NewPin/Offline Master Sync"), 30): Object Object Repository/LockScreen/NewPin/Offline Master Sync not found

17-01-2024T11:40:01 - [MESSAGE][WARNING] - Object Object Repository/LockScreen/NewPin/Offline Master Sync not found

17-01-2024T11:40:01 - [TEST_STEP][PASSED] - if (Bool_Offline == true): null

17-01-2024T11:40:01 - [TEST_STEP][PASSED] - else: null

17-01-2024T11:40:01 - [TEST_STEP][PASSED] - println("Master Sync Popup not found"): null

17-01-2024T11:40:01 - [TEST_STEP][PASSED] - setText(findTestObject("Primery Details/Address Details/Pincode"), str_Pincode, 0): Text '410210' has been set to element 'Object Repository/Primery Details/Address Details/Pincode'

17-01-2024T11:40:01 - [MESSAGE][WARNING] - Timeout '0' is invalid. Using default page load timeout: '30'

17-01-2024T11:40:03 - [MESSAGE][PASSED] - Text '410210' has been set to element 'Object Repository/Primery Details/Address Details/Pincode'

17-01-2024T11:40:03 - [TEST_STEP][PASSED] - hideKeyboard(): Keyboard is hidden

17-01-2024T11:40:05 - [MESSAGE][PASSED] - Keyboard is hidden

17-01-2024T11:40:05 - [TEST_STEP][PASSED] - tap(findTestObject("Add Account/Searched PinCode"), 0): Tapped on element 'Object Repository/Add Account/Searched PinCode'

17-01-2024T11:40:05 - [MESSAGE][WARNING] - Timeout '0' is invalid. Using default page load timeout: '30'

17-01-2024T11:40:06 - [MESSAGE][PASSED] - Tapped on element 'Object Repository/Add Account/Searched PinCode'

17-01-2024T11:40:06 - [TEST_STEP][PASSED] - setText(findTestObject("Primery Details/Address Details/District"), str_District, 0): Text 'Raigad' has been set to element 'Object Repository/Primery Details/Address Details/District'

17-01-2024T11:40:06 - [MESSAGE][WARNING] - Timeout '0' is invalid. Using default page load timeout: '30'

17-01-2024T11:40:08 - [MESSAGE][PASSED] - Text 'Raigad' has been set to element 'Object Repository/Primery Details/Address Details/District'

17-01-2024T11:40:08 - [TEST_STEP][PASSED] - hideKeyboard(): Keyboard is hidden

17-01-2024T11:40:10 - [MESSAGE][PASSED] - Keyboard is hidden

17-01-2024T11:40:10 - [TEST_STEP][PASSED] - tap(findTestObject("Add Account/Searched District"), 0): Tapped on element 'Object Repository/Add Account/Searched District'

17-01-2024T11:40:10 - [MESSAGE][WARNING] - Timeout '0' is invalid. Using default page load timeout: '30'

17-01-2024T11:40:11 - [MESSAGE][PASSED] - Tapped on element 'Object Repository/Add Account/Searched District'

17-01-2024T11:40:11 - [TEST_STEP][PASSED] - setText(findTestObject("Primery Details/Address Details/Taluka"), str_Taluka, 0): Text 'Test' has been set to element 'Object Repository/Primery Details/Address Details/Taluka'

17-01-2024T11:40:11 - [MESSAGE][WARNING] - Timeout '0' is invalid. Using default page load timeout: '30'

17-01-2024T11:40:13 - [MESSAGE][PASSED] - Text 'Test' has been set to element 'Object Repository/Primery Details/Address Details/Taluka'

17-01-2024T11:40:13 - [TEST_STEP][PASSED] - hideKeyboard(): Keyboard is hidden

17-01-2024T11:40:15 - [MESSAGE][PASSED] - Keyboard is hidden

17-01-2024T11:40:15 - [TEST_STEP][PASSED] - tap(findTestObject("Add Account/Searched Taluka"), 0): Tapped on element 'Object Repository/Add Account/Searched Taluka'

17-01-2024T11:40:15 - [MESSAGE][WARNING] - Timeout '0' is invalid. Using default page load timeout: '30'

17-01-2024T11:40:16 - [MESSAGE][PASSED] - Tapped on element 'Object Repository/Add Account/Searched Taluka'

17-01-2024T11:40:16 - [TEST_STEP][PASSED] - tap(findTestObject("Primery Details/Address Details/NextButton"), 0): Tapped on element 'Object Repository/Primery Details/Address Details/NextButton'

17-01-2024T11:40:16 - [MESSAGE][WARNING] - Timeout '0' is invalid. Using default page load timeout: '30'

17-01-2024T11:40:17 - [MESSAGE][PASSED] - Tapped on element 'Object Repository/Primery Details/Address Details/NextButton'

17-01-2024T11:40:17 - [TEST_STEP][PASSED] - Bool_Cancel = waitForElementPresent(findTestObject("Additional Info/Cancel Button"), 20): Object Object Repository/Additional Info/Cancel Button not found

17-01-2024T11:40:37 - [MESSAGE][WARNING] - Object Object Repository/Additional Info/Cancel Button not found

17-01-2024T11:40:37 - [TEST_STEP][PASSED] - if (Bool_Cancel == true): null

17-01-2024T11:40:37 - [TEST_STEP][PASSED] - else: null

17-01-2024T11:40:37 - [TEST_STEP][PASSED] - println("Time up Popup not found"): null

17-01-2024T11:40:37 - [TEST_STEP][PASSED] - takeScreenshot("", STOP_ON_FAILURE): Screenshot is taken

17-01-2024T11:40:38 - [MESSAGE][WARNING] - 

17-01-2024T11:40:38 - [MESSAGE][PASSED] - Screenshot is taken]]></system-out>
         <system-err><![CDATA[]]></system-err>
      </testcase>
      <system-out><![CDATA[17-01-2024T11:37:25 - [TEST_SUITE][PASSED] - TS-01: Test Cases/TC/TC_03 -Add Account]]></system-out>
      <system-err><![CDATA[]]></system-err>
   </testsuite>
</testsuites>
