<?xml version="1.0" encoding="UTF-8"?>
<testsuites name="TataMotors" time="135.011" tests="1" failures="1" errors="0">
   <testsuite name="TataMotors" tests="1" failures="1" errors="0" time="135.011" skipped="0" timestamp="01-03-2024T16:25:56" hostname="Sushil.Gaikwad - DS025.step.com" id="Test Suites/TataMotors">
      <properties>
         <property name="deviceName" value="samsung SM-A032F (Android 13)"/>
         <property name="devicePlatform" value=""/>
         <property name="logFolder" value="C:\\Users\\sushil.gaikwad\\Downloads\\tatamotarsdemo 1\\tatamotarsdemo\\Reports\\20240301_162546\\TataMotors\\20240301_162546"/>
         <property name="logFiles" value="C:\\Users\\sushil.gaikwad\\Downloads\\tatamotarsdemo 1\\tatamotarsdemo\\Reports\\20240301_162546\\TataMotors\\20240301_162546\\appium.log, C:\\Users\\sushil.gaikwad\\Downloads\\tatamotarsdemo 1\\tatamotarsdemo\\Reports\\20240301_162546\\TataMotors\\20240301_162546\\appium_error.log, C:\\Users\\sushil.gaikwad\\Downloads\\tatamotarsdemo 1\\tatamotarsdemo\\Reports\\20240301_162546\\TataMotors\\20240301_162546\\execution0.log"/>
         <property name="attachments" value="C:\\Users\\sushil.gaikwad\\Downloads\\tatamotarsdemo 1\\tatamotarsdemo\\Reports\\20240301_162546\\TataMotors\\20240301_162546\\1709290627853.png, C:\\Users\\sushil.gaikwad\\Downloads\\tatamotarsdemo 1\\tatamotarsdemo\\Reports\\20240301_162546\\TataMotors\\20240301_162546\\1709290651736.png, C:\\Users\\sushil.gaikwad\\Downloads\\tatamotarsdemo 1\\tatamotarsdemo\\Reports\\20240301_162546\\TataMotors\\20240301_162546\\1709290690084.png"/>
         <property name="hostName" value="Sushil.Gaikwad - DS025.step.com"/>
         <property name="os" value="Windows 10 64bit"/>
         <property name="appiumServerStatus" value="{&quot;value&quot;:{&quot;build&quot;:{&quot;version&quot;:&quot;1.22.3&quot;}},&quot;sessionId&quot;:null,&quot;status&quot;:0}"/>
         <property name="katalonVersion" value="9.1.0.212"/>
         <property name="deviceOS" value="Android"/>
         <property name="appiumVersion" value="1.22.3"/>
         <property name="deviceModel" value="SM-A032F"/>
         <property name="hostAddress" value="192.168.136.26"/>
         <property name="deviceManufacturer" value="samsung"/>
         <property name="deviceId" value="R9ZT10H9Y2L"/>
         <property name="deviceName" value="samsung SM-A032F (Android 13)"/>
         <property name="deviceOSVersion" value="13"/>
      </properties>
      <testcase name="Test Cases/TC/TC_01 - New Opty" time="134.699" classname="Test Cases/TC/TC_01 - New Opty" status="FAILED">
         <failure type="FAILED" message="Test Cases/TC/TC_01 - New Opty FAILED.&#xa;Reason:&#xa;com.kms.katalon.core.exception.StepFailedException: Failed to set text into element&#xa;	at com.kms.katalon.core.mobile.keyword.internal.MobileKeywordMain.stepFailed(MobileKeywordMain.groovy:38)&#xa;	at com.kms.katalon.core.mobile.keyword.internal.MobileKeywordMain.runKeyword(MobileKeywordMain.groovy:21)&#xa;	at com.kms.katalon.core.mobile.keyword.builtin.SetTextKeyword.setText(SetTextKeyword.groovy:62)&#xa;	at com.kms.katalon.core.mobile.keyword.builtin.SetTextKeyword.execute(SetTextKeyword.groovy:42)&#xa;	at com.kms.katalon.core.keyword.internal.KeywordExecutor.executeKeywordForPlatform(KeywordExecutor.groovy:74)&#xa;	at com.kms.katalon.core.mobile.keyword.MobileBuiltInKeywords.setText(MobileBuiltInKeywords.groovy:1307)&#xa;	at TC_01 - New Opty.run(TC_01 - New Opty:90)&#xa;	at com.kms.katalon.core.main.ScriptEngine.run(ScriptEngine.java:194)&#xa;	at com.kms.katalon.core.main.ScriptEngine.runScriptAsRawText(ScriptEngine.java:119)&#xa;	at com.kms.katalon.core.main.TestCaseExecutor.runScript(TestCaseExecutor.java:448)&#xa;	at com.kms.katalon.core.main.TestCaseExecutor.doExecute(TestCaseExecutor.java:439)&#xa;	at com.kms.katalon.core.main.TestCaseExecutor.processExecutionPhase(TestCaseExecutor.java:418)&#xa;	at com.kms.katalon.core.main.TestCaseExecutor.accessMainPhase(TestCaseExecutor.java:410)&#xa;	at com.kms.katalon.core.main.TestCaseExecutor.execute(TestCaseExecutor.java:285)&#xa;	at com.kms.katalon.core.common.CommonExecutor.accessTestCaseMainPhase(CommonExecutor.java:65)&#xa;	at com.kms.katalon.core.main.TestSuiteExecutor.accessTestSuiteMainPhase(TestSuiteExecutor.java:148)&#xa;	at com.kms.katalon.core.main.TestSuiteExecutor.execute(TestSuiteExecutor.java:106)&#xa;	at com.kms.katalon.core.main.TestCaseMain.startTestSuite(TestCaseMain.java:180)&#xa;	at TempTestSuite1709290546295.run(TempTestSuite1709290546295.groovy:36)&#xa;	at java.base/jdk.internal.reflect.NativeMethodAccessorImpl.invoke0(Native Method)&#xa;	at java.base/jdk.internal.reflect.NativeMethodAccessorImpl.invoke(NativeMethodAccessorImpl.java:77)&#xa;	at java.base/jdk.internal.reflect.DelegatingMethodAccessorImpl.invoke(DelegatingMethodAccessorImpl.java:43)&#xa;Caused by: org.openqa.selenium.StaleElementReferenceException: Cached elements 'By.xpath: //hierarchy/android.widget.FrameLayout[1]/android.widget.LinearLayout[1]/android.widget.FrameLayout[1]/android.widget.FrameLayout[1]/android.view.View[1]/android.view.View[1]/android.view.View[1]/android.view.View[1]/android.view.View[2]/android.view.View[1]/android.widget.ScrollView[1]/android.widget.EditText[1]' do not exist in DOM anymore&#xa;For documentation on this error, please visit: https://www.seleniumhq.org/exceptions/stale_element_reference.html&#xa;Build info: version: '3.141.59', revision: 'e82be7d358', time: '2018-11-14T08:25:53'&#xa;System info: host: 'DS025', ip: '192.168.136.26', os.name: 'Windows 10', os.arch: 'amd64', os.version: '10.0', java.version: '17.0.7'&#xa;Driver info: com.kms.katalon.core.appium.driver.SwipeableAndroidDriver&#xa;Capabilities {app: C:\Users\sushil.gaikwad\Dow..., appPackage: com.tatamotors.egurusmart, autoGrantPermissions: true, automationName: uiautomator2, databaseEnabled: false, desired: {app: C:\Users\sushil.gaikwad\Dow..., autoGrantPermissions: true, automationName: uiautomator2, deviceId: R9ZT10H9Y2L, deviceName: samsung SM-A032F (Android 13), fullReset: true, newCommandTimeout: 1800, noReset: false, platformName: android, platformVersion: 13, systemPort: 51951, udid: R9ZT10H9Y2L}, deviceApiLevel: 33, deviceId: R9ZT10H9Y2L, deviceManufacturer: samsung, deviceModel: SM-A032F, deviceName: R9ZT10H9Y2L, deviceScreenDensity: 320, deviceScreenSize: 720x1600, deviceUDID: R9ZT10H9Y2L, fullReset: true, javascriptEnabled: true, locationContextEnabled: false, networkConnectionEnabled: true, newCommandTimeout: 1800, noReset: false, pixelRatio: 2, platform: LINUX, platformName: Android, platformVersion: 13, statBarHeight: 48, systemPort: 51951, takesScreenshot: true, udid: R9ZT10H9Y2L, viewportRect: {height: 1411, left: 0, top: 48, width: 720}, warnings: {}, webStorageEnabled: false}&#xa;Session ID: cf7d068d-c894-41ef-bf0e-e965218f9866&#xa;	at java.base/jdk.internal.reflect.NativeConstructorAccessorImpl.newInstance0(Native Method)&#xa;	at java.base/jdk.internal.reflect.NativeConstructorAccessorImpl.newInstance(NativeConstructorAccessorImpl.java:77)&#xa;	at java.base/jdk.internal.reflect.DelegatingConstructorAccessorImpl.newInstance(DelegatingConstructorAccessorImpl.java:45)&#xa;	at org.openqa.selenium.remote.http.W3CHttpResponseCodec.createException(W3CHttpResponseCodec.java:187)&#xa;	at org.openqa.selenium.remote.http.W3CHttpResponseCodec.decode(W3CHttpResponseCodec.java:122)&#xa;	at org.openqa.selenium.remote.http.W3CHttpResponseCodec.decode(W3CHttpResponseCodec.java:49)&#xa;	at org.openqa.selenium.remote.HttpCommandExecutor.execute(HttpCommandExecutor.java:158)&#xa;	at io.appium.java_client.remote.AppiumCommandExecutor.execute(AppiumCommandExecutor.java:239)&#xa;	at org.openqa.selenium.remote.RemoteWebDriver.execute(RemoteWebDriver.java:552)&#xa;	at io.appium.java_client.DefaultGenericMobileDriver.execute(DefaultGenericMobileDriver.java:42)&#xa;	at io.appium.java_client.AppiumDriver.execute(AppiumDriver.java:1)&#xa;	at io.appium.java_client.android.AndroidDriver.execute(AndroidDriver.java:1)&#xa;	at com.kms.katalon.core.appium.driver.SwipeableAndroidDriver.execute(SwipeableAndroidDriver.java:1)&#xa;	at org.openqa.selenium.remote.RemoteWebElement.execute(RemoteWebElement.java:285)&#xa;	at io.appium.java_client.DefaultGenericMobileElement.execute(DefaultGenericMobileElement.java:45)&#xa;	at io.appium.java_client.MobileElement.execute(MobileElement.java:1)&#xa;	at io.appium.java_client.android.AndroidElement.execute(AndroidElement.java:1)&#xa;	at org.openqa.selenium.remote.RemoteWebElement.getLocation(RemoteWebElement.java:337)&#xa;	at org.openqa.selenium.WebElement$getLocation.call(Unknown Source)&#xa;	at com.kms.katalon.core.mobile.keyword.internal.MobileAbstractKeyword.findElement(MobileAbstractKeyword.groovy:86)&#xa;	at jdk.internal.reflect.GeneratedMethodAccessor6.invoke(Unknown Source)&#xa;	at java.base/jdk.internal.reflect.DelegatingMethodAccessorImpl.invoke(DelegatingMethodAccessorImpl.java:43)&#xa;	at com.kms.katalon.core.mobile.keyword.builtin.SetTextKeyword$_setText_closure1.doCall(SetTextKeyword.groovy:50)&#xa;	at com.kms.katalon.core.mobile.keyword.builtin.SetTextKeyword$_setText_closure1.call(SetTextKeyword.groovy)&#xa;	at com.kms.katalon.core.mobile.keyword.internal.MobileKeywordMain.runKeyword(MobileKeywordMain.groovy:19)&#xa;	... 20 more&#xa;"/>
         <system-out><![CDATA[01-03-2024T16:25:56 - [TEST_CASE][FAILED] - Test Cases/TC/TC_01 - New Opty: Test Cases/TC/TC_01 - New Opty FAILED.
Reason:
com.kms.katalon.core.exception.StepFailedException: Failed to set text into element
	at com.kms.katalon.core.mobile.keyword.internal.MobileKeywordMain.stepFailed(MobileKeywordMain.groovy:38)
	at com.kms.katalon.core.mobile.keyword.internal.MobileKeywordMain.runKeyword(MobileKeywordMain.groovy:21)
	at com.kms.katalon.core.mobile.keyword.builtin.SetTextKeyword.setText(SetTextKeyword.groovy:62)
	at com.kms.katalon.core.mobile.keyword.builtin.SetTextKeyword.execute(SetTextKeyword.groovy:42)
	at com.kms.katalon.core.keyword.internal.KeywordExecutor.executeKeywordForPlatform(KeywordExecutor.groovy:74)
	at com.kms.katalon.core.mobile.keyword.MobileBuiltInKeywords.setText(MobileBuiltInKeywords.groovy:1307)
	at TC_01 - New Opty.run(TC_01 - New Opty:90)
	at com.kms.katalon.core.main.ScriptEngine.run(ScriptEngine.java:194)
	at com.kms.katalon.core.main.ScriptEngine.runScriptAsRawText(ScriptEngine.java:119)
	at com.kms.katalon.core.main.TestCaseExecutor.runScript(TestCaseExecutor.java:448)
	at com.kms.katalon.core.main.TestCaseExecutor.doExecute(TestCaseExecutor.java:439)
	at com.kms.katalon.core.main.TestCaseExecutor.processExecutionPhase(TestCaseExecutor.java:418)
	at com.kms.katalon.core.main.TestCaseExecutor.accessMainPhase(TestCaseExecutor.java:410)
	at com.kms.katalon.core.main.TestCaseExecutor.execute(TestCaseExecutor.java:285)
	at com.kms.katalon.core.common.CommonExecutor.accessTestCaseMainPhase(CommonExecutor.java:65)
	at com.kms.katalon.core.main.TestSuiteExecutor.accessTestSuiteMainPhase(TestSuiteExecutor.java:148)
	at com.kms.katalon.core.main.TestSuiteExecutor.execute(TestSuiteExecutor.java:106)
	at com.kms.katalon.core.main.TestCaseMain.startTestSuite(TestCaseMain.java:180)
	at TempTestSuite1709290546295.run(TempTestSuite1709290546295.groovy:36)
	at java.base/jdk.internal.reflect.NativeMethodAccessorImpl.invoke0(Native Method)
	at java.base/jdk.internal.reflect.NativeMethodAccessorImpl.invoke(NativeMethodAccessorImpl.java:77)
	at java.base/jdk.internal.reflect.DelegatingMethodAccessorImpl.invoke(DelegatingMethodAccessorImpl.java:43)
Caused by: org.openqa.selenium.StaleElementReferenceException: Cached elements 'By.xpath: //hierarchy/android.widget.FrameLayout[1]/android.widget.LinearLayout[1]/android.widget.FrameLayout[1]/android.widget.FrameLayout[1]/android.view.View[1]/android.view.View[1]/android.view.View[1]/android.view.View[1]/android.view.View[2]/android.view.View[1]/android.widget.ScrollView[1]/android.widget.EditText[1]' do not exist in DOM anymore
For documentation on this error, please visit: https://www.seleniumhq.org/exceptions/stale_element_reference.html
Build info: version: '3.141.59', revision: 'e82be7d358', time: '2018-11-14T08:25:53'
System info: host: 'DS025', ip: '192.168.136.26', os.name: 'Windows 10', os.arch: 'amd64', os.version: '10.0', java.version: '17.0.7'
Driver info: com.kms.katalon.core.appium.driver.SwipeableAndroidDriver
Capabilities {app: C:\Users\sushil.gaikwad\Dow..., appPackage: com.tatamotors.egurusmart, autoGrantPermissions: true, automationName: uiautomator2, databaseEnabled: false, desired: {app: C:\Users\sushil.gaikwad\Dow..., autoGrantPermissions: true, automationName: uiautomator2, deviceId: R9ZT10H9Y2L, deviceName: samsung SM-A032F (Android 13), fullReset: true, newCommandTimeout: 1800, noReset: false, platformName: android, platformVersion: 13, systemPort: 51951, udid: R9ZT10H9Y2L}, deviceApiLevel: 33, deviceId: R9ZT10H9Y2L, deviceManufacturer: samsung, deviceModel: SM-A032F, deviceName: R9ZT10H9Y2L, deviceScreenDensity: 320, deviceScreenSize: 720x1600, deviceUDID: R9ZT10H9Y2L, fullReset: true, javascriptEnabled: true, locationContextEnabled: false, networkConnectionEnabled: true, newCommandTimeout: 1800, noReset: false, pixelRatio: 2, platform: LINUX, platformName: Android, platformVersion: 13, statBarHeight: 48, systemPort: 51951, takesScreenshot: true, udid: R9ZT10H9Y2L, viewportRect: {height: 1411, left: 0, top: 48, width: 720}, warnings: {}, webStorageEnabled: false}
Session ID: cf7d068d-c894-41ef-bf0e-e965218f9866
	at java.base/jdk.internal.reflect.NativeConstructorAccessorImpl.newInstance0(Native Method)
	at java.base/jdk.internal.reflect.NativeConstructorAccessorImpl.newInstance(NativeConstructorAccessorImpl.java:77)
	at java.base/jdk.internal.reflect.DelegatingConstructorAccessorImpl.newInstance(DelegatingConstructorAccessorImpl.java:45)
	at org.openqa.selenium.remote.http.W3CHttpResponseCodec.createException(W3CHttpResponseCodec.java:187)
	at org.openqa.selenium.remote.http.W3CHttpResponseCodec.decode(W3CHttpResponseCodec.java:122)
	at org.openqa.selenium.remote.http.W3CHttpResponseCodec.decode(W3CHttpResponseCodec.java:49)
	at org.openqa.selenium.remote.HttpCommandExecutor.execute(HttpCommandExecutor.java:158)
	at io.appium.java_client.remote.AppiumCommandExecutor.execute(AppiumCommandExecutor.java:239)
	at org.openqa.selenium.remote.RemoteWebDriver.execute(RemoteWebDriver.java:552)
	at io.appium.java_client.DefaultGenericMobileDriver.execute(DefaultGenericMobileDriver.java:42)
	at io.appium.java_client.AppiumDriver.execute(AppiumDriver.java:1)
	at io.appium.java_client.android.AndroidDriver.execute(AndroidDriver.java:1)
	at com.kms.katalon.core.appium.driver.SwipeableAndroidDriver.execute(SwipeableAndroidDriver.java:1)
	at org.openqa.selenium.remote.RemoteWebElement.execute(RemoteWebElement.java:285)
	at io.appium.java_client.DefaultGenericMobileElement.execute(DefaultGenericMobileElement.java:45)
	at io.appium.java_client.MobileElement.execute(MobileElement.java:1)
	at io.appium.java_client.android.AndroidElement.execute(AndroidElement.java:1)
	at org.openqa.selenium.remote.RemoteWebElement.getLocation(RemoteWebElement.java:337)
	at org.openqa.selenium.WebElement$getLocation.call(Unknown Source)
	at com.kms.katalon.core.mobile.keyword.internal.MobileAbstractKeyword.findElement(MobileAbstractKeyword.groovy:86)
	at jdk.internal.reflect.GeneratedMethodAccessor6.invoke(Unknown Source)
	at java.base/jdk.internal.reflect.DelegatingMethodAccessorImpl.invoke(DelegatingMethodAccessorImpl.java:43)
	at com.kms.katalon.core.mobile.keyword.builtin.SetTextKeyword$_setText_closure1.doCall(SetTextKeyword.groovy:50)
	at com.kms.katalon.core.mobile.keyword.builtin.SetTextKeyword$_setText_closure1.call(SetTextKeyword.groovy)
	at com.kms.katalon.core.mobile.keyword.internal.MobileKeywordMain.runKeyword(MobileKeywordMain.groovy:19)
	... 20 more


01-03-2024T16:25:58 - [TEST_STEP][PASSED] - callTestCase(findTestCase("CommenWorkflows/Login"), ["Str_URL":"C:\Users\sushil.gaikwad\Downloads\tatamotarsdemo 1\tatamotarsdemo\Application\app-release 2.apk", "Str_Username":"DUSER145", ... ], STOP_ON_FAILURE): Call Test Case 'Test Cases/CommenWorkflows/Login' successfully

01-03-2024T16:25:58 - [TEST_CASE][PASSED] - Test Cases/CommenWorkflows/Login: Test Cases/CommenWorkflows/Login

01-03-2024T16:25:59 - [TEST_STEP][PASSED] - startApplication(Str_URL, true): Started app at: 'C:\Users\sushil.gaikwad\Downloads\tatamotarsdemo 1\tatamotarsdemo\Application\app-release 2.apk'

01-03-2024T16:25:59 - [MESSAGE][INFO] - User set preference: ['deviceId', 'R9ZT10H9Y2L']

01-03-2024T16:25:59 - [MESSAGE][INFO] - Detected NodeJS location: "C:\Program Files\nodejs\node.exe"

01-03-2024T16:26:04 - [MESSAGE][INFO] - PATH: C:\Program Files\nodejs;

01-03-2024T16:26:04 - [MESSAGE][INFO] - APPIUM_HOME: C:\Users\sushil.gaikwad\AppData\Roaming\npm\node_modules\appium\build\lib\main.js

01-03-2024T16:26:04 - [MESSAGE][INFO] - appium outlog: C:\Users\sushil.gaikwad\Downloads\tatamotarsdemo 1\tatamotarsdemo\Reports\20240301_162546\TataMotors\20240301_162546\appium.log

01-03-2024T16:26:04 - [MESSAGE][INFO] - appium errlog: C:\Users\sushil.gaikwad\Downloads\tatamotarsdemo 1\tatamotarsdemo\Reports\20240301_162546\TataMotors\20240301_162546\appium_error.log

01-03-2024T16:26:06 - [MESSAGE][INFO] - Appium server started on port 51,952

01-03-2024T16:26:32 - [MESSAGE][PASSED] - Started app at: 'C:\Users\sushil.gaikwad\Downloads\tatamotarsdemo 1\tatamotarsdemo\Application\app-release 2.apk'

01-03-2024T16:26:32 - [TEST_STEP][PASSED] - Bool_Username = waitForElementPresent(findTestObject("LockScreen/UsernaneText"), 30): Element 'Object Repository/LockScreen/UsernaneText' is present

01-03-2024T16:26:33 - [MESSAGE][PASSED] - Element 'Object Repository/LockScreen/UsernaneText' is present

01-03-2024T16:26:33 - [TEST_STEP][PASSED] - if (Bool_Username == true): Tapped on element 'Object Repository/LockScreen/NewPin/OkButton'

01-03-2024T16:26:33 - [TEST_STEP][PASSED] - setText(findTestObject("LockScreen/Username"), Str_Username, 0): Text 'DUSER145' has been set to element 'Object Repository/LockScreen/Username'

01-03-2024T16:26:33 - [MESSAGE][WARNING] - Timeout '0' is invalid. Using default page load timeout: '30'

01-03-2024T16:26:38 - [MESSAGE][PASSED] - Text 'DUSER145' has been set to element 'Object Repository/LockScreen/Username'

01-03-2024T16:26:38 - [TEST_STEP][PASSED] - hideKeyboard(): Keyboard is hidden

01-03-2024T16:26:40 - [MESSAGE][PASSED] - Keyboard is hidden

01-03-2024T16:26:40 - [TEST_STEP][PASSED] - setText(findTestObject("LockScreen/Password"), Str_Password, 0): Text 'Soct#2023' has been set to element 'Object Repository/LockScreen/Password'

01-03-2024T16:26:40 - [MESSAGE][WARNING] - Timeout '0' is invalid. Using default page load timeout: '30'

01-03-2024T16:26:42 - [MESSAGE][PASSED] - Text 'Soct#2023' has been set to element 'Object Repository/LockScreen/Password'

01-03-2024T16:26:42 - [TEST_STEP][PASSED] - hideKeyboard(): Keyboard is hidden

01-03-2024T16:26:45 - [MESSAGE][PASSED] - Keyboard is hidden

01-03-2024T16:26:45 - [TEST_STEP][PASSED] - tap(findTestObject("LockScreen/LoginButton"), 0): Tapped on element 'Object Repository/LockScreen/LoginButton'

01-03-2024T16:26:45 - [MESSAGE][WARNING] - Timeout '0' is invalid. Using default page load timeout: '30'

01-03-2024T16:26:47 - [MESSAGE][PASSED] - Tapped on element 'Object Repository/LockScreen/LoginButton'

01-03-2024T16:26:47 - [TEST_STEP][PASSED] - setText(findTestObject("LockScreen/NewPin/NewPin1"), "1", 0): Text '1' has been set to element 'Object Repository/LockScreen/NewPin/NewPin1'

01-03-2024T16:26:47 - [MESSAGE][WARNING] - Timeout '0' is invalid. Using default page load timeout: '30'

01-03-2024T16:26:50 - [MESSAGE][PASSED] - Text '1' has been set to element 'Object Repository/LockScreen/NewPin/NewPin1'

01-03-2024T16:26:50 - [TEST_STEP][PASSED] - setText(findTestObject("LockScreen/NewPin/NewPin2"), "2", 0): Text '2' has been set to element 'Object Repository/LockScreen/NewPin/NewPin2'

01-03-2024T16:26:50 - [MESSAGE][WARNING] - Timeout '0' is invalid. Using default page load timeout: '30'

01-03-2024T16:26:52 - [MESSAGE][PASSED] - Text '2' has been set to element 'Object Repository/LockScreen/NewPin/NewPin2'

01-03-2024T16:26:52 - [TEST_STEP][PASSED] - setText(findTestObject("LockScreen/NewPin/NewPin3"), "3", 0): Text '3' has been set to element 'Object Repository/LockScreen/NewPin/NewPin3'

01-03-2024T16:26:52 - [MESSAGE][WARNING] - Timeout '0' is invalid. Using default page load timeout: '30'

01-03-2024T16:26:53 - [MESSAGE][PASSED] - Text '3' has been set to element 'Object Repository/LockScreen/NewPin/NewPin3'

01-03-2024T16:26:53 - [TEST_STEP][PASSED] - setText(findTestObject("LockScreen/NewPin/NewPin4"), "4", 0): Text '4' has been set to element 'Object Repository/LockScreen/NewPin/NewPin4'

01-03-2024T16:26:53 - [MESSAGE][WARNING] - Timeout '0' is invalid. Using default page load timeout: '30'

01-03-2024T16:26:54 - [MESSAGE][PASSED] - Text '4' has been set to element 'Object Repository/LockScreen/NewPin/NewPin4'

01-03-2024T16:26:54 - [TEST_STEP][PASSED] - setText(findTestObject("LockScreen/NewPin/ConfirmPin1"), "1", 0): Text '1' has been set to element 'Object Repository/LockScreen/NewPin/ConfirmPin1'

01-03-2024T16:26:54 - [MESSAGE][WARNING] - Timeout '0' is invalid. Using default page load timeout: '30'

01-03-2024T16:26:56 - [MESSAGE][PASSED] - Text '1' has been set to element 'Object Repository/LockScreen/NewPin/ConfirmPin1'

01-03-2024T16:26:56 - [TEST_STEP][PASSED] - setText(findTestObject("LockScreen/NewPin/ConfirmPin2"), "2", 0): Text '2' has been set to element 'Object Repository/LockScreen/NewPin/ConfirmPin2'

01-03-2024T16:26:57 - [MESSAGE][WARNING] - Timeout '0' is invalid. Using default page load timeout: '30'

01-03-2024T16:26:58 - [MESSAGE][PASSED] - Text '2' has been set to element 'Object Repository/LockScreen/NewPin/ConfirmPin2'

01-03-2024T16:26:58 - [TEST_STEP][PASSED] - setText(findTestObject("LockScreen/NewPin/ConfirmPin3"), "3", 0): Text '3' has been set to element 'Object Repository/LockScreen/NewPin/ConfirmPin3'

01-03-2024T16:26:58 - [MESSAGE][WARNING] - Timeout '0' is invalid. Using default page load timeout: '30'

01-03-2024T16:26:59 - [MESSAGE][PASSED] - Text '3' has been set to element 'Object Repository/LockScreen/NewPin/ConfirmPin3'

01-03-2024T16:26:59 - [TEST_STEP][PASSED] - setText(findTestObject("LockScreen/NewPin/ConfirmPin4"), "4", 0): Text '4' has been set to element 'Object Repository/LockScreen/NewPin/ConfirmPin4'

01-03-2024T16:26:59 - [MESSAGE][WARNING] - Timeout '0' is invalid. Using default page load timeout: '30'

01-03-2024T16:27:01 - [MESSAGE][PASSED] - Text '4' has been set to element 'Object Repository/LockScreen/NewPin/ConfirmPin4'

01-03-2024T16:27:01 - [TEST_STEP][PASSED] - Bool_Offline = waitForElementPresent(findTestObject("LockScreen/NewPin/Offline Master Sync"), 30): Element 'Object Repository/LockScreen/NewPin/Offline Master Sync' is present

01-03-2024T16:27:02 - [MESSAGE][PASSED] - Element 'Object Repository/LockScreen/NewPin/Offline Master Sync' is present

01-03-2024T16:27:02 - [TEST_STEP][PASSED] - if (Bool_Offline == true): Tapped on element 'Object Repository/LockScreen/NewPin/OkButton'

01-03-2024T16:27:02 - [TEST_STEP][PASSED] - tap(findTestObject("LockScreen/NewPin/OkButton"), 0): Tapped on element 'Object Repository/LockScreen/NewPin/OkButton'

01-03-2024T16:27:02 - [MESSAGE][WARNING] - Timeout '0' is invalid. Using default page load timeout: '30'

01-03-2024T16:27:03 - [MESSAGE][PASSED] - Tapped on element 'Object Repository/LockScreen/NewPin/OkButton'

01-03-2024T16:27:03 - [MESSAGE][PASSED] - Call Test Case 'Test Cases/CommenWorkflows/Login' successfully

01-03-2024T16:27:03 - [TEST_STEP][PASSED] - verifyElementExist(findTestObject("TataMotars/HomeButton"), 10): Element 'Object Repository/TataMotars/HomeButton' is exist

01-03-2024T16:27:04 - [MESSAGE][PASSED] - Element 'Object Repository/TataMotars/HomeButton' is exist

01-03-2024T16:27:04 - [TEST_STEP][PASSED] - tap(findTestObject("TataMotars/PluseButton"), 0): Tapped on element 'Object Repository/TataMotars/PluseButton'

01-03-2024T16:27:04 - [MESSAGE][WARNING] - Timeout '0' is invalid. Using default page load timeout: '30'

01-03-2024T16:27:06 - [MESSAGE][PASSED] - Tapped on element 'Object Repository/TataMotars/PluseButton'

01-03-2024T16:27:06 - [TEST_STEP][PASSED] - bool_Opportunity = verifyElementExist(findTestObject("TataMotars/Pluse Button/OpportunityButton"), 0): Element 'Object Repository/TataMotars/Pluse Button/OpportunityButton' is exist

01-03-2024T16:27:06 - [MESSAGE][WARNING] - Timeout '0' is invalid. Using default page load timeout: '30'

01-03-2024T16:27:06 - [MESSAGE][PASSED] - Element 'Object Repository/TataMotars/Pluse Button/OpportunityButton' is exist

01-03-2024T16:27:06 - [TEST_STEP][PASSED] - bool_Account = verifyElementExist(findTestObject("TataMotars/Pluse Button/Account"), 0): Element 'Object Repository/TataMotars/Pluse Button/Account' is exist

01-03-2024T16:27:06 - [MESSAGE][WARNING] - Timeout '0' is invalid. Using default page load timeout: '30'

01-03-2024T16:27:07 - [MESSAGE][PASSED] - Element 'Object Repository/TataMotars/Pluse Button/Account' is exist

01-03-2024T16:27:07 - [TEST_STEP][PASSED] - bool_Customer = verifyElementExist(findTestObject("TataMotars/Pluse Button/Customer"), 0): Element 'Object Repository/TataMotars/Pluse Button/Customer' is exist

01-03-2024T16:27:07 - [MESSAGE][WARNING] - Timeout '0' is invalid. Using default page load timeout: '30'

01-03-2024T16:27:07 - [MESSAGE][PASSED] - Element 'Object Repository/TataMotars/Pluse Button/Customer' is exist

01-03-2024T16:27:07 - [TEST_STEP][PASSED] - bool_Influencer = verifyElementExist(findTestObject("TataMotars/Pluse Button/Influencer"), 0): Element 'Object Repository/TataMotars/Pluse Button/Influencer' is exist

01-03-2024T16:27:07 - [MESSAGE][WARNING] - Timeout '0' is invalid. Using default page load timeout: '30'

01-03-2024T16:27:07 - [MESSAGE][PASSED] - Element 'Object Repository/TataMotars/Pluse Button/Influencer' is exist

01-03-2024T16:27:07 - [TEST_STEP][PASSED] - bool_FollowUp = verifyElementExist(findTestObject("TataMotars/Pluse Button/Follow Up"), 0): Element 'Object Repository/TataMotars/Pluse Button/Follow Up' is exist

01-03-2024T16:27:07 - [MESSAGE][WARNING] - Timeout '0' is invalid. Using default page load timeout: '30'

01-03-2024T16:27:07 - [MESSAGE][PASSED] - Element 'Object Repository/TataMotars/Pluse Button/Follow Up' is exist

01-03-2024T16:27:07 - [TEST_STEP][PASSED] - bool_Opportunity && bool_Account && bool_Customer && bool_Influencer && bool_FollowUp == false: null

01-03-2024T16:27:07 - [TEST_STEP][PASSED] - takeScreenshot(): Screenshot is taken

01-03-2024T16:27:09 - [MESSAGE][PASSED] - Screenshot is taken
[[ATTACHMENT|C:\\Users\\sushil.gaikwad\\Downloads\\tatamotarsdemo 1\\tatamotarsdemo\\Reports\\20240301_162546\\TataMotors\\20240301_162546\\1709290627853.png]]

01-03-2024T16:27:09 - [TEST_STEP][PASSED] - tap(findTestObject("TataMotars/Pluse Button/OpportunityButton"), 3): Tapped on element 'Object Repository/TataMotars/Pluse Button/OpportunityButton'

01-03-2024T16:27:10 - [MESSAGE][PASSED] - Tapped on element 'Object Repository/TataMotars/Pluse Button/OpportunityButton'

01-03-2024T16:27:10 - [TEST_STEP][PASSED] - Bool_Offline = waitForElementPresent(findTestObject("LockScreen/NewPin/Offline Master Sync"), 10): Object Object Repository/LockScreen/NewPin/Offline Master Sync not found

01-03-2024T16:27:20 - [MESSAGE][WARNING] - Object Object Repository/LockScreen/NewPin/Offline Master Sync not found

01-03-2024T16:27:20 - [TEST_STEP][PASSED] - if (Bool_Offline == true): null

01-03-2024T16:27:20 - [TEST_STEP][PASSED] - bool_AddContact = verifyElementExist(findTestObject("Add Contact/AddContact"), 30): Element 'Object Repository/Add Contact/AddContact' is exist

01-03-2024T16:27:20 - [MESSAGE][PASSED] - Element 'Object Repository/Add Contact/AddContact' is exist

01-03-2024T16:27:20 - [TEST_STEP][PASSED] - bool_SearchAddContact = verifyElementExist(findTestObject("Add Contact/Search - Add Contact"), 30): Element 'Object Repository/Add Contact/Search - Add Contact' is exist

01-03-2024T16:27:21 - [MESSAGE][PASSED] - Element 'Object Repository/Add Contact/Search - Add Contact' is exist

01-03-2024T16:27:21 - [TEST_STEP][PASSED] - bool_AddContact && bool_SearchAddContact == true: null

01-03-2024T16:27:21 - [TEST_STEP][PASSED] - Bool_Offline = waitForElementPresent(findTestObject("LockScreen/NewPin/Offline Master Sync"), 10): Object Object Repository/LockScreen/NewPin/Offline Master Sync not found

01-03-2024T16:27:31 - [MESSAGE][WARNING] - Object Object Repository/LockScreen/NewPin/Offline Master Sync not found

01-03-2024T16:27:31 - [TEST_STEP][PASSED] - if (Bool_Offline == true): null

01-03-2024T16:27:31 - [TEST_STEP][PASSED] - takeScreenshot(): Screenshot is taken

01-03-2024T16:27:33 - [MESSAGE][PASSED] - Screenshot is taken
[[ATTACHMENT|C:\\Users\\sushil.gaikwad\\Downloads\\tatamotarsdemo 1\\tatamotarsdemo\\Reports\\20240301_162546\\TataMotors\\20240301_162546\\1709290651736.png]]

01-03-2024T16:27:33 - [TEST_STEP][PASSED] - tap(findTestObject("Add Contact/Search - Add Contact"), 0, STOP_ON_FAILURE): Tapped on element 'Object Repository/Add Contact/Search - Add Contact'

01-03-2024T16:27:33 - [MESSAGE][WARNING] - Timeout '0' is invalid. Using default page load timeout: '30'

01-03-2024T16:27:34 - [MESSAGE][PASSED] - Tapped on element 'Object Repository/Add Contact/Search - Add Contact'

01-03-2024T16:27:34 - [TEST_STEP][PASSED] - setText(findTestObject("TataMotars/SearchBox"), str_NewContact, 0): Text 'test step12347' has been set to element 'Object Repository/TataMotars/SearchBox'

01-03-2024T16:27:34 - [MESSAGE][WARNING] - Timeout '0' is invalid. Using default page load timeout: '30'

01-03-2024T16:27:35 - [MESSAGE][PASSED] - Text 'test step12347' has been set to element 'Object Repository/TataMotars/SearchBox'

01-03-2024T16:27:35 - [TEST_STEP][PASSED] - hideKeyboard(): Keyboard is hidden

01-03-2024T16:27:37 - [MESSAGE][PASSED] - Keyboard is hidden

01-03-2024T16:27:37 - [TEST_STEP][PASSED] - Bool_Offline = waitForElementPresent(findTestObject("LockScreen/NewPin/Offline Master Sync"), 30): Object Object Repository/LockScreen/NewPin/Offline Master Sync not found

01-03-2024T16:28:07 - [MESSAGE][WARNING] - Object Object Repository/LockScreen/NewPin/Offline Master Sync not found

01-03-2024T16:28:07 - [TEST_STEP][PASSED] - if (Bool_Offline == true): null

01-03-2024T16:28:07 - [TEST_STEP][PASSED] - else: null

01-03-2024T16:28:07 - [TEST_STEP][PASSED] - println("Popup handled"): null

01-03-2024T16:28:07 - [TEST_STEP][PASSED] - str_getNewContact = getAttribute(findTestObject("TataMotars/SearchBox"), "name", 0): Element 'Object Repository/TataMotars/SearchBox' has attribute 'name' is ''

01-03-2024T16:28:07 - [MESSAGE][WARNING] - Timeout '0' is invalid. Using default page load timeout: '30'

01-03-2024T16:28:08 - [MESSAGE][PASSED] - Element 'Object Repository/TataMotars/SearchBox' has attribute 'name' is ''

01-03-2024T16:28:08 - [TEST_STEP][PASSED] - str_NewContact == str_getNewContact: null

01-03-2024T16:28:08 - [TEST_STEP][PASSED] - tap(findTestObject("Add Contact/AddNewContactButton"), 0): Tapped on element 'Object Repository/Add Contact/AddNewContactButton'

01-03-2024T16:28:08 - [MESSAGE][WARNING] - Timeout '0' is invalid. Using default page load timeout: '30'

01-03-2024T16:28:08 - [MESSAGE][PASSED] - Tapped on element 'Object Repository/Add Contact/AddNewContactButton'

01-03-2024T16:28:08 - [TEST_STEP][FAILED] - setText(findTestObject("Primery Details/FirstName"), str_FirstName, 0): Failed to set text into element (Root cause: com.kms.katalon.core.exception.StepFailedException: Failed to set text into element
	at com.kms.katalon.core.mobile.keyword.internal.MobileKeywordMain.stepFailed(MobileKeywordMain.groovy:38)
	at com.kms.katalon.core.mobile.keyword.internal.MobileKeywordMain.runKeyword(MobileKeywordMain.groovy:21)
	at com.kms.katalon.core.mobile.keyword.builtin.SetTextKeyword.setText(SetTextKeyword.groovy:62)
	at com.kms.katalon.core.mobile.keyword.builtin.SetTextKeyword.execute(SetTextKeyword.groovy:42)
	at com.kms.katalon.core.keyword.internal.KeywordExecutor.executeKeywordForPlatform(KeywordExecutor.groovy:74)
	at com.kms.katalon.core.mobile.keyword.MobileBuiltInKeywords.setText(MobileBuiltInKeywords.groovy:1307)
	at TC_01 - New Opty.run(TC_01 - New Opty:90)
	at com.kms.katalon.core.main.ScriptEngine.run(ScriptEngine.java:194)
	at com.kms.katalon.core.main.ScriptEngine.runScriptAsRawText(ScriptEngine.java:119)
	at com.kms.katalon.core.main.TestCaseExecutor.runScript(TestCaseExecutor.java:448)
	at com.kms.katalon.core.main.TestCaseExecutor.doExecute(TestCaseExecutor.java:439)
	at com.kms.katalon.core.main.TestCaseExecutor.processExecutionPhase(TestCaseExecutor.java:418)
	at com.kms.katalon.core.main.TestCaseExecutor.accessMainPhase(TestCaseExecutor.java:410)
	at com.kms.katalon.core.main.TestCaseExecutor.execute(TestCaseExecutor.java:285)
	at com.kms.katalon.core.common.CommonExecutor.accessTestCaseMainPhase(CommonExecutor.java:65)
	at com.kms.katalon.core.main.TestSuiteExecutor.accessTestSuiteMainPhase(TestSuiteExecutor.java:148)
	at com.kms.katalon.core.main.TestSuiteExecutor.execute(TestSuiteExecutor.java:106)
	at com.kms.katalon.core.main.TestCaseMain.startTestSuite(TestCaseMain.java:180)
	at TempTestSuite1709290546295.run(TempTestSuite1709290546295.groovy:36)
	at java.base/jdk.internal.reflect.NativeMethodAccessorImpl.invoke0(Native Method)
	at java.base/jdk.internal.reflect.NativeMethodAccessorImpl.invoke(NativeMethodAccessorImpl.java:77)
	at java.base/jdk.internal.reflect.DelegatingMethodAccessorImpl.invoke(DelegatingMethodAccessorImpl.java:43)
Caused by: org.openqa.selenium.StaleElementReferenceException: Cached elements 'By.xpath: //hierarchy/android.widget.FrameLayout[1]/android.widget.LinearLayout[1]/android.widget.FrameLayout[1]/android.widget.FrameLayout[1]/android.view.View[1]/android.view.View[1]/android.view.View[1]/android.view.View[1]/android.view.View[2]/android.view.View[1]/android.widget.ScrollView[1]/android.widget.EditText[1]' do not exist in DOM anymore
For documentation on this error, please visit: https://www.seleniumhq.org/exceptions/stale_element_reference.html
Build info: version: '3.141.59', revision: 'e82be7d358', time: '2018-11-14T08:25:53'
System info: host: 'DS025', ip: '192.168.136.26', os.name: 'Windows 10', os.arch: 'amd64', os.version: '10.0', java.version: '17.0.7'
Driver info: com.kms.katalon.core.appium.driver.SwipeableAndroidDriver
Capabilities {app: C:\Users\sushil.gaikwad\Dow..., appPackage: com.tatamotors.egurusmart, autoGrantPermissions: true, automationName: uiautomator2, databaseEnabled: false, desired: {app: C:\Users\sushil.gaikwad\Dow..., autoGrantPermissions: true, automationName: uiautomator2, deviceId: R9ZT10H9Y2L, deviceName: samsung SM-A032F (Android 13), fullReset: true, newCommandTimeout: 1800, noReset: false, platformName: android, platformVersion: 13, systemPort: 51951, udid: R9ZT10H9Y2L}, deviceApiLevel: 33, deviceId: R9ZT10H9Y2L, deviceManufacturer: samsung, deviceModel: SM-A032F, deviceName: R9ZT10H9Y2L, deviceScreenDensity: 320, deviceScreenSize: 720x1600, deviceUDID: R9ZT10H9Y2L, fullReset: true, javascriptEnabled: true, locationContextEnabled: false, networkConnectionEnabled: true, newCommandTimeout: 1800, noReset: false, pixelRatio: 2, platform: LINUX, platformName: Android, platformVersion: 13, statBarHeight: 48, systemPort: 51951, takesScreenshot: true, udid: R9ZT10H9Y2L, viewportRect: {height: 1411, left: 0, top: 48, width: 720}, warnings: {}, webStorageEnabled: false}
Session ID: cf7d068d-c894-41ef-bf0e-e965218f9866
	at java.base/jdk.internal.reflect.NativeConstructorAccessorImpl.newInstance0(Native Method)
	at java.base/jdk.internal.reflect.NativeConstructorAccessorImpl.newInstance(NativeConstructorAccessorImpl.java:77)
	at java.base/jdk.internal.reflect.DelegatingConstructorAccessorImpl.newInstance(DelegatingConstructorAccessorImpl.java:45)
	at org.openqa.selenium.remote.http.W3CHttpResponseCodec.createException(W3CHttpResponseCodec.java:187)
	at org.openqa.selenium.remote.http.W3CHttpResponseCodec.decode(W3CHttpResponseCodec.java:122)
	at org.openqa.selenium.remote.http.W3CHttpResponseCodec.decode(W3CHttpResponseCodec.java:49)
	at org.openqa.selenium.remote.HttpCommandExecutor.execute(HttpCommandExecutor.java:158)
	at io.appium.java_client.remote.AppiumCommandExecutor.execute(AppiumCommandExecutor.java:239)
	at org.openqa.selenium.remote.RemoteWebDriver.execute(RemoteWebDriver.java:552)
	at io.appium.java_client.DefaultGenericMobileDriver.execute(DefaultGenericMobileDriver.java:42)
	at io.appium.java_client.AppiumDriver.execute(AppiumDriver.java:1)
	at io.appium.java_client.android.AndroidDriver.execute(AndroidDriver.java:1)
	at com.kms.katalon.core.appium.driver.SwipeableAndroidDriver.execute(SwipeableAndroidDriver.java:1)
	at org.openqa.selenium.remote.RemoteWebElement.execute(RemoteWebElement.java:285)
	at io.appium.java_client.DefaultGenericMobileElement.execute(DefaultGenericMobileElement.java:45)
	at io.appium.java_client.MobileElement.execute(MobileElement.java:1)
	at io.appium.java_client.android.AndroidElement.execute(AndroidElement.java:1)
	at org.openqa.selenium.remote.RemoteWebElement.getLocation(RemoteWebElement.java:337)
	at org.openqa.selenium.WebElement$getLocation.call(Unknown Source)
	at com.kms.katalon.core.mobile.keyword.internal.MobileAbstractKeyword.findElement(MobileAbstractKeyword.groovy:86)
	at jdk.internal.reflect.GeneratedMethodAccessor6.invoke(Unknown Source)
	at java.base/jdk.internal.reflect.DelegatingMethodAccessorImpl.invoke(DelegatingMethodAccessorImpl.java:43)
	at com.kms.katalon.core.mobile.keyword.builtin.SetTextKeyword$_setText_closure1.doCall(SetTextKeyword.groovy:50)
	at com.kms.katalon.core.mobile.keyword.builtin.SetTextKeyword$_setText_closure1.call(SetTextKeyword.groovy)
	at com.kms.katalon.core.mobile.keyword.internal.MobileKeywordMain.runKeyword(MobileKeywordMain.groovy:19)
	at com.kms.katalon.core.mobile.keyword.builtin.SetTextKeyword.setText(SetTextKeyword.groovy:62)
	at com.kms.katalon.core.mobile.keyword.builtin.SetTextKeyword.execute(SetTextKeyword.groovy:42)
	at com.kms.katalon.core.keyword.internal.KeywordExecutor.executeKeywordForPlatform(KeywordExecutor.groovy:74)
	at com.kms.katalon.core.mobile.keyword.MobileBuiltInKeywords.setText(MobileBuiltInKeywords.groovy:1307)
	at Script1704800902955.run(Script1704800902955.groovy:90)
	... 15 more
)

01-03-2024T16:28:08 - [MESSAGE][WARNING] - Timeout '0' is invalid. Using default page load timeout: '30'

01-03-2024T16:28:11 - [MESSAGE][FAILED] - Failed to set text into element (Root cause: com.kms.katalon.core.exception.StepFailedException: Failed to set text into element
	at com.kms.katalon.core.mobile.keyword.internal.MobileKeywordMain.stepFailed(MobileKeywordMain.groovy:38)
	at com.kms.katalon.core.mobile.keyword.internal.MobileKeywordMain.runKeyword(MobileKeywordMain.groovy:21)
	at com.kms.katalon.core.mobile.keyword.builtin.SetTextKeyword.setText(SetTextKeyword.groovy:62)
	at com.kms.katalon.core.mobile.keyword.builtin.SetTextKeyword.execute(SetTextKeyword.groovy:42)
	at com.kms.katalon.core.keyword.internal.KeywordExecutor.executeKeywordForPlatform(KeywordExecutor.groovy:74)
	at com.kms.katalon.core.mobile.keyword.MobileBuiltInKeywords.setText(MobileBuiltInKeywords.groovy:1307)
	at TC_01 - New Opty.run(TC_01 - New Opty:90)
	at com.kms.katalon.core.main.ScriptEngine.run(ScriptEngine.java:194)
	at com.kms.katalon.core.main.ScriptEngine.runScriptAsRawText(ScriptEngine.java:119)
	at com.kms.katalon.core.main.TestCaseExecutor.runScript(TestCaseExecutor.java:448)
	at com.kms.katalon.core.main.TestCaseExecutor.doExecute(TestCaseExecutor.java:439)
	at com.kms.katalon.core.main.TestCaseExecutor.processExecutionPhase(TestCaseExecutor.java:418)
	at com.kms.katalon.core.main.TestCaseExecutor.accessMainPhase(TestCaseExecutor.java:410)
	at com.kms.katalon.core.main.TestCaseExecutor.execute(TestCaseExecutor.java:285)
	at com.kms.katalon.core.common.CommonExecutor.accessTestCaseMainPhase(CommonExecutor.java:65)
	at com.kms.katalon.core.main.TestSuiteExecutor.accessTestSuiteMainPhase(TestSuiteExecutor.java:148)
	at com.kms.katalon.core.main.TestSuiteExecutor.execute(TestSuiteExecutor.java:106)
	at com.kms.katalon.core.main.TestCaseMain.startTestSuite(TestCaseMain.java:180)
	at TempTestSuite1709290546295.run(TempTestSuite1709290546295.groovy:36)
	at java.base/jdk.internal.reflect.NativeMethodAccessorImpl.invoke0(Native Method)
	at java.base/jdk.internal.reflect.NativeMethodAccessorImpl.invoke(NativeMethodAccessorImpl.java:77)
	at java.base/jdk.internal.reflect.DelegatingMethodAccessorImpl.invoke(DelegatingMethodAccessorImpl.java:43)
Caused by: org.openqa.selenium.StaleElementReferenceException: Cached elements 'By.xpath: //hierarchy/android.widget.FrameLayout[1]/android.widget.LinearLayout[1]/android.widget.FrameLayout[1]/android.widget.FrameLayout[1]/android.view.View[1]/android.view.View[1]/android.view.View[1]/android.view.View[1]/android.view.View[2]/android.view.View[1]/android.widget.ScrollView[1]/android.widget.EditText[1]' do not exist in DOM anymore
For documentation on this error, please visit: https://www.seleniumhq.org/exceptions/stale_element_reference.html
Build info: version: '3.141.59', revision: 'e82be7d358', time: '2018-11-14T08:25:53'
System info: host: 'DS025', ip: '192.168.136.26', os.name: 'Windows 10', os.arch: 'amd64', os.version: '10.0', java.version: '17.0.7'
Driver info: com.kms.katalon.core.appium.driver.SwipeableAndroidDriver
Capabilities {app: C:\Users\sushil.gaikwad\Dow..., appPackage: com.tatamotors.egurusmart, autoGrantPermissions: true, automationName: uiautomator2, databaseEnabled: false, desired: {app: C:\Users\sushil.gaikwad\Dow..., autoGrantPermissions: true, automationName: uiautomator2, deviceId: R9ZT10H9Y2L, deviceName: samsung SM-A032F (Android 13), fullReset: true, newCommandTimeout: 1800, noReset: false, platformName: android, platformVersion: 13, systemPort: 51951, udid: R9ZT10H9Y2L}, deviceApiLevel: 33, deviceId: R9ZT10H9Y2L, deviceManufacturer: samsung, deviceModel: SM-A032F, deviceName: R9ZT10H9Y2L, deviceScreenDensity: 320, deviceScreenSize: 720x1600, deviceUDID: R9ZT10H9Y2L, fullReset: true, javascriptEnabled: true, locationContextEnabled: false, networkConnectionEnabled: true, newCommandTimeout: 1800, noReset: false, pixelRatio: 2, platform: LINUX, platformName: Android, platformVersion: 13, statBarHeight: 48, systemPort: 51951, takesScreenshot: true, udid: R9ZT10H9Y2L, viewportRect: {height: 1411, left: 0, top: 48, width: 720}, warnings: {}, webStorageEnabled: false}
Session ID: cf7d068d-c894-41ef-bf0e-e965218f9866
	at java.base/jdk.internal.reflect.NativeConstructorAccessorImpl.newInstance0(Native Method)
	at java.base/jdk.internal.reflect.NativeConstructorAccessorImpl.newInstance(NativeConstructorAccessorImpl.java:77)
	at java.base/jdk.internal.reflect.DelegatingConstructorAccessorImpl.newInstance(DelegatingConstructorAccessorImpl.java:45)
	at org.openqa.selenium.remote.http.W3CHttpResponseCodec.createException(W3CHttpResponseCodec.java:187)
	at org.openqa.selenium.remote.http.W3CHttpResponseCodec.decode(W3CHttpResponseCodec.java:122)
	at org.openqa.selenium.remote.http.W3CHttpResponseCodec.decode(W3CHttpResponseCodec.java:49)
	at org.openqa.selenium.remote.HttpCommandExecutor.execute(HttpCommandExecutor.java:158)
	at io.appium.java_client.remote.AppiumCommandExecutor.execute(AppiumCommandExecutor.java:239)
	at org.openqa.selenium.remote.RemoteWebDriver.execute(RemoteWebDriver.java:552)
	at io.appium.java_client.DefaultGenericMobileDriver.execute(DefaultGenericMobileDriver.java:42)
	at io.appium.java_client.AppiumDriver.execute(AppiumDriver.java:1)
	at io.appium.java_client.android.AndroidDriver.execute(AndroidDriver.java:1)
	at com.kms.katalon.core.appium.driver.SwipeableAndroidDriver.execute(SwipeableAndroidDriver.java:1)
	at org.openqa.selenium.remote.RemoteWebElement.execute(RemoteWebElement.java:285)
	at io.appium.java_client.DefaultGenericMobileElement.execute(DefaultGenericMobileElement.java:45)
	at io.appium.java_client.MobileElement.execute(MobileElement.java:1)
	at io.appium.java_client.android.AndroidElement.execute(AndroidElement.java:1)
	at org.openqa.selenium.remote.RemoteWebElement.getLocation(RemoteWebElement.java:337)
	at org.openqa.selenium.WebElement$getLocation.call(Unknown Source)
	at com.kms.katalon.core.mobile.keyword.internal.MobileAbstractKeyword.findElement(MobileAbstractKeyword.groovy:86)
	at jdk.internal.reflect.GeneratedMethodAccessor6.invoke(Unknown Source)
	at java.base/jdk.internal.reflect.DelegatingMethodAccessorImpl.invoke(DelegatingMethodAccessorImpl.java:43)
	at com.kms.katalon.core.mobile.keyword.builtin.SetTextKeyword$_setText_closure1.doCall(SetTextKeyword.groovy:50)
	at com.kms.katalon.core.mobile.keyword.builtin.SetTextKeyword$_setText_closure1.call(SetTextKeyword.groovy)
	at com.kms.katalon.core.mobile.keyword.internal.MobileKeywordMain.runKeyword(MobileKeywordMain.groovy:19)
	at com.kms.katalon.core.mobile.keyword.builtin.SetTextKeyword.setText(SetTextKeyword.groovy:62)
	at com.kms.katalon.core.mobile.keyword.builtin.SetTextKeyword.execute(SetTextKeyword.groovy:42)
	at com.kms.katalon.core.keyword.internal.KeywordExecutor.executeKeywordForPlatform(KeywordExecutor.groovy:74)
	at com.kms.katalon.core.mobile.keyword.MobileBuiltInKeywords.setText(MobileBuiltInKeywords.groovy:1307)
	at Script1704800902955.run(Script1704800902955.groovy:90)
	... 15 more
)
[[ATTACHMENT|C:\\Users\\sushil.gaikwad\\Downloads\\tatamotarsdemo 1\\tatamotarsdemo\\Reports\\20240301_162546\\TataMotors\\20240301_162546\\1709290690084.png]]]]></system-out>
         <system-err><![CDATA[01-03-2024T16:25:56 - [TEST_CASE][FAILED] - Test Cases/TC/TC_01 - New Opty: Test Cases/TC/TC_01 - New Opty FAILED.
Reason:
com.kms.katalon.core.exception.StepFailedException: Failed to set text into element
	at com.kms.katalon.core.mobile.keyword.internal.MobileKeywordMain.stepFailed(MobileKeywordMain.groovy:38)
	at com.kms.katalon.core.mobile.keyword.internal.MobileKeywordMain.runKeyword(MobileKeywordMain.groovy:21)
	at com.kms.katalon.core.mobile.keyword.builtin.SetTextKeyword.setText(SetTextKeyword.groovy:62)
	at com.kms.katalon.core.mobile.keyword.builtin.SetTextKeyword.execute(SetTextKeyword.groovy:42)
	at com.kms.katalon.core.keyword.internal.KeywordExecutor.executeKeywordForPlatform(KeywordExecutor.groovy:74)
	at com.kms.katalon.core.mobile.keyword.MobileBuiltInKeywords.setText(MobileBuiltInKeywords.groovy:1307)
	at TC_01 - New Opty.run(TC_01 - New Opty:90)
	at com.kms.katalon.core.main.ScriptEngine.run(ScriptEngine.java:194)
	at com.kms.katalon.core.main.ScriptEngine.runScriptAsRawText(ScriptEngine.java:119)
	at com.kms.katalon.core.main.TestCaseExecutor.runScript(TestCaseExecutor.java:448)
	at com.kms.katalon.core.main.TestCaseExecutor.doExecute(TestCaseExecutor.java:439)
	at com.kms.katalon.core.main.TestCaseExecutor.processExecutionPhase(TestCaseExecutor.java:418)
	at com.kms.katalon.core.main.TestCaseExecutor.accessMainPhase(TestCaseExecutor.java:410)
	at com.kms.katalon.core.main.TestCaseExecutor.execute(TestCaseExecutor.java:285)
	at com.kms.katalon.core.common.CommonExecutor.accessTestCaseMainPhase(CommonExecutor.java:65)
	at com.kms.katalon.core.main.TestSuiteExecutor.accessTestSuiteMainPhase(TestSuiteExecutor.java:148)
	at com.kms.katalon.core.main.TestSuiteExecutor.execute(TestSuiteExecutor.java:106)
	at com.kms.katalon.core.main.TestCaseMain.startTestSuite(TestCaseMain.java:180)
	at TempTestSuite1709290546295.run(TempTestSuite1709290546295.groovy:36)
	at java.base/jdk.internal.reflect.NativeMethodAccessorImpl.invoke0(Native Method)
	at java.base/jdk.internal.reflect.NativeMethodAccessorImpl.invoke(NativeMethodAccessorImpl.java:77)
	at java.base/jdk.internal.reflect.DelegatingMethodAccessorImpl.invoke(DelegatingMethodAccessorImpl.java:43)
Caused by: org.openqa.selenium.StaleElementReferenceException: Cached elements 'By.xpath: //hierarchy/android.widget.FrameLayout[1]/android.widget.LinearLayout[1]/android.widget.FrameLayout[1]/android.widget.FrameLayout[1]/android.view.View[1]/android.view.View[1]/android.view.View[1]/android.view.View[1]/android.view.View[2]/android.view.View[1]/android.widget.ScrollView[1]/android.widget.EditText[1]' do not exist in DOM anymore
For documentation on this error, please visit: https://www.seleniumhq.org/exceptions/stale_element_reference.html
Build info: version: '3.141.59', revision: 'e82be7d358', time: '2018-11-14T08:25:53'
System info: host: 'DS025', ip: '192.168.136.26', os.name: 'Windows 10', os.arch: 'amd64', os.version: '10.0', java.version: '17.0.7'
Driver info: com.kms.katalon.core.appium.driver.SwipeableAndroidDriver
Capabilities {app: C:\Users\sushil.gaikwad\Dow..., appPackage: com.tatamotors.egurusmart, autoGrantPermissions: true, automationName: uiautomator2, databaseEnabled: false, desired: {app: C:\Users\sushil.gaikwad\Dow..., autoGrantPermissions: true, automationName: uiautomator2, deviceId: R9ZT10H9Y2L, deviceName: samsung SM-A032F (Android 13), fullReset: true, newCommandTimeout: 1800, noReset: false, platformName: android, platformVersion: 13, systemPort: 51951, udid: R9ZT10H9Y2L}, deviceApiLevel: 33, deviceId: R9ZT10H9Y2L, deviceManufacturer: samsung, deviceModel: SM-A032F, deviceName: R9ZT10H9Y2L, deviceScreenDensity: 320, deviceScreenSize: 720x1600, deviceUDID: R9ZT10H9Y2L, fullReset: true, javascriptEnabled: true, locationContextEnabled: false, networkConnectionEnabled: true, newCommandTimeout: 1800, noReset: false, pixelRatio: 2, platform: LINUX, platformName: Android, platformVersion: 13, statBarHeight: 48, systemPort: 51951, takesScreenshot: true, udid: R9ZT10H9Y2L, viewportRect: {height: 1411, left: 0, top: 48, width: 720}, warnings: {}, webStorageEnabled: false}
Session ID: cf7d068d-c894-41ef-bf0e-e965218f9866
	at java.base/jdk.internal.reflect.NativeConstructorAccessorImpl.newInstance0(Native Method)
	at java.base/jdk.internal.reflect.NativeConstructorAccessorImpl.newInstance(NativeConstructorAccessorImpl.java:77)
	at java.base/jdk.internal.reflect.DelegatingConstructorAccessorImpl.newInstance(DelegatingConstructorAccessorImpl.java:45)
	at org.openqa.selenium.remote.http.W3CHttpResponseCodec.createException(W3CHttpResponseCodec.java:187)
	at org.openqa.selenium.remote.http.W3CHttpResponseCodec.decode(W3CHttpResponseCodec.java:122)
	at org.openqa.selenium.remote.http.W3CHttpResponseCodec.decode(W3CHttpResponseCodec.java:49)
	at org.openqa.selenium.remote.HttpCommandExecutor.execute(HttpCommandExecutor.java:158)
	at io.appium.java_client.remote.AppiumCommandExecutor.execute(AppiumCommandExecutor.java:239)
	at org.openqa.selenium.remote.RemoteWebDriver.execute(RemoteWebDriver.java:552)
	at io.appium.java_client.DefaultGenericMobileDriver.execute(DefaultGenericMobileDriver.java:42)
	at io.appium.java_client.AppiumDriver.execute(AppiumDriver.java:1)
	at io.appium.java_client.android.AndroidDriver.execute(AndroidDriver.java:1)
	at com.kms.katalon.core.appium.driver.SwipeableAndroidDriver.execute(SwipeableAndroidDriver.java:1)
	at org.openqa.selenium.remote.RemoteWebElement.execute(RemoteWebElement.java:285)
	at io.appium.java_client.DefaultGenericMobileElement.execute(DefaultGenericMobileElement.java:45)
	at io.appium.java_client.MobileElement.execute(MobileElement.java:1)
	at io.appium.java_client.android.AndroidElement.execute(AndroidElement.java:1)
	at org.openqa.selenium.remote.RemoteWebElement.getLocation(RemoteWebElement.java:337)
	at org.openqa.selenium.WebElement$getLocation.call(Unknown Source)
	at com.kms.katalon.core.mobile.keyword.internal.MobileAbstractKeyword.findElement(MobileAbstractKeyword.groovy:86)
	at jdk.internal.reflect.GeneratedMethodAccessor6.invoke(Unknown Source)
	at java.base/jdk.internal.reflect.DelegatingMethodAccessorImpl.invoke(DelegatingMethodAccessorImpl.java:43)
	at com.kms.katalon.core.mobile.keyword.builtin.SetTextKeyword$_setText_closure1.doCall(SetTextKeyword.groovy:50)
	at com.kms.katalon.core.mobile.keyword.builtin.SetTextKeyword$_setText_closure1.call(SetTextKeyword.groovy)
	at com.kms.katalon.core.mobile.keyword.internal.MobileKeywordMain.runKeyword(MobileKeywordMain.groovy:19)
	... 20 more]]></system-err>
      </testcase>
      <system-out><![CDATA[01-03-2024T16:25:56 - [TEST_SUITE][FAILED] - TataMotors: Test Cases/TC/TC_01 - New Opty FAILED.
Reason:
com.kms.katalon.core.exception.StepFailedException: Failed to set text into element
	at com.kms.katalon.core.mobile.keyword.internal.MobileKeywordMain.stepFailed(MobileKeywordMain.groovy:38)
	at com.kms.katalon.core.mobile.keyword.internal.MobileKeywordMain.runKeyword(MobileKeywordMain.groovy:21)
	at com.kms.katalon.core.mobile.keyword.builtin.SetTextKeyword.setText(SetTextKeyword.groovy:62)
	at com.kms.katalon.core.mobile.keyword.builtin.SetTextKeyword.execute(SetTextKeyword.groovy:42)
	at com.kms.katalon.core.keyword.internal.KeywordExecutor.executeKeywordForPlatform(KeywordExecutor.groovy:74)
	at com.kms.katalon.core.mobile.keyword.MobileBuiltInKeywords.setText(MobileBuiltInKeywords.groovy:1307)
	at TC_01 - New Opty.run(TC_01 - New Opty:90)
	at com.kms.katalon.core.main.ScriptEngine.run(ScriptEngine.java:194)
	at com.kms.katalon.core.main.ScriptEngine.runScriptAsRawText(ScriptEngine.java:119)
	at com.kms.katalon.core.main.TestCaseExecutor.runScript(TestCaseExecutor.java:448)
	at com.kms.katalon.core.main.TestCaseExecutor.doExecute(TestCaseExecutor.java:439)
	at com.kms.katalon.core.main.TestCaseExecutor.processExecutionPhase(TestCaseExecutor.java:418)
	at com.kms.katalon.core.main.TestCaseExecutor.accessMainPhase(TestCaseExecutor.java:410)
	at com.kms.katalon.core.main.TestCaseExecutor.execute(TestCaseExecutor.java:285)
	at com.kms.katalon.core.common.CommonExecutor.accessTestCaseMainPhase(CommonExecutor.java:65)
	at com.kms.katalon.core.main.TestSuiteExecutor.accessTestSuiteMainPhase(TestSuiteExecutor.java:148)
	at com.kms.katalon.core.main.TestSuiteExecutor.execute(TestSuiteExecutor.java:106)
	at com.kms.katalon.core.main.TestCaseMain.startTestSuite(TestCaseMain.java:180)
	at TempTestSuite1709290546295.run(TempTestSuite1709290546295.groovy:36)
	at java.base/jdk.internal.reflect.NativeMethodAccessorImpl.invoke0(Native Method)
	at java.base/jdk.internal.reflect.NativeMethodAccessorImpl.invoke(NativeMethodAccessorImpl.java:77)
	at java.base/jdk.internal.reflect.DelegatingMethodAccessorImpl.invoke(DelegatingMethodAccessorImpl.java:43)
Caused by: org.openqa.selenium.StaleElementReferenceException: Cached elements 'By.xpath: //hierarchy/android.widget.FrameLayout[1]/android.widget.LinearLayout[1]/android.widget.FrameLayout[1]/android.widget.FrameLayout[1]/android.view.View[1]/android.view.View[1]/android.view.View[1]/android.view.View[1]/android.view.View[2]/android.view.View[1]/android.widget.ScrollView[1]/android.widget.EditText[1]' do not exist in DOM anymore
For documentation on this error, please visit: https://www.seleniumhq.org/exceptions/stale_element_reference.html
Build info: version: '3.141.59', revision: 'e82be7d358', time: '2018-11-14T08:25:53'
System info: host: 'DS025', ip: '192.168.136.26', os.name: 'Windows 10', os.arch: 'amd64', os.version: '10.0', java.version: '17.0.7'
Driver info: com.kms.katalon.core.appium.driver.SwipeableAndroidDriver
Capabilities {app: C:\Users\sushil.gaikwad\Dow..., appPackage: com.tatamotors.egurusmart, autoGrantPermissions: true, automationName: uiautomator2, databaseEnabled: false, desired: {app: C:\Users\sushil.gaikwad\Dow..., autoGrantPermissions: true, automationName: uiautomator2, deviceId: R9ZT10H9Y2L, deviceName: samsung SM-A032F (Android 13), fullReset: true, newCommandTimeout: 1800, noReset: false, platformName: android, platformVersion: 13, systemPort: 51951, udid: R9ZT10H9Y2L}, deviceApiLevel: 33, deviceId: R9ZT10H9Y2L, deviceManufacturer: samsung, deviceModel: SM-A032F, deviceName: R9ZT10H9Y2L, deviceScreenDensity: 320, deviceScreenSize: 720x1600, deviceUDID: R9ZT10H9Y2L, fullReset: true, javascriptEnabled: true, locationContextEnabled: false, networkConnectionEnabled: true, newCommandTimeout: 1800, noReset: false, pixelRatio: 2, platform: LINUX, platformName: Android, platformVersion: 13, statBarHeight: 48, systemPort: 51951, takesScreenshot: true, udid: R9ZT10H9Y2L, viewportRect: {height: 1411, left: 0, top: 48, width: 720}, warnings: {}, webStorageEnabled: false}
Session ID: cf7d068d-c894-41ef-bf0e-e965218f9866
	at java.base/jdk.internal.reflect.NativeConstructorAccessorImpl.newInstance0(Native Method)
	at java.base/jdk.internal.reflect.NativeConstructorAccessorImpl.newInstance(NativeConstructorAccessorImpl.java:77)
	at java.base/jdk.internal.reflect.DelegatingConstructorAccessorImpl.newInstance(DelegatingConstructorAccessorImpl.java:45)
	at org.openqa.selenium.remote.http.W3CHttpResponseCodec.createException(W3CHttpResponseCodec.java:187)
	at org.openqa.selenium.remote.http.W3CHttpResponseCodec.decode(W3CHttpResponseCodec.java:122)
	at org.openqa.selenium.remote.http.W3CHttpResponseCodec.decode(W3CHttpResponseCodec.java:49)
	at org.openqa.selenium.remote.HttpCommandExecutor.execute(HttpCommandExecutor.java:158)
	at io.appium.java_client.remote.AppiumCommandExecutor.execute(AppiumCommandExecutor.java:239)
	at org.openqa.selenium.remote.RemoteWebDriver.execute(RemoteWebDriver.java:552)
	at io.appium.java_client.DefaultGenericMobileDriver.execute(DefaultGenericMobileDriver.java:42)
	at io.appium.java_client.AppiumDriver.execute(AppiumDriver.java:1)
	at io.appium.java_client.android.AndroidDriver.execute(AndroidDriver.java:1)
	at com.kms.katalon.core.appium.driver.SwipeableAndroidDriver.execute(SwipeableAndroidDriver.java:1)
	at org.openqa.selenium.remote.RemoteWebElement.execute(RemoteWebElement.java:285)
	at io.appium.java_client.DefaultGenericMobileElement.execute(DefaultGenericMobileElement.java:45)
	at io.appium.java_client.MobileElement.execute(MobileElement.java:1)
	at io.appium.java_client.android.AndroidElement.execute(AndroidElement.java:1)
	at org.openqa.selenium.remote.RemoteWebElement.getLocation(RemoteWebElement.java:337)
	at org.openqa.selenium.WebElement$getLocation.call(Unknown Source)
	at com.kms.katalon.core.mobile.keyword.internal.MobileAbstractKeyword.findElement(MobileAbstractKeyword.groovy:86)
	at jdk.internal.reflect.GeneratedMethodAccessor6.invoke(Unknown Source)
	at java.base/jdk.internal.reflect.DelegatingMethodAccessorImpl.invoke(DelegatingMethodAccessorImpl.java:43)
	at com.kms.katalon.core.mobile.keyword.builtin.SetTextKeyword$_setText_closure1.doCall(SetTextKeyword.groovy:50)
	at com.kms.katalon.core.mobile.keyword.builtin.SetTextKeyword$_setText_closure1.call(SetTextKeyword.groovy)
	at com.kms.katalon.core.mobile.keyword.internal.MobileKeywordMain.runKeyword(MobileKeywordMain.groovy:19)
	... 20 more]]></system-out>
      <system-err><![CDATA[01-03-2024T16:25:56 - [TEST_SUITE][FAILED] - TataMotors: Test Cases/TC/TC_01 - New Opty FAILED.
Reason:
com.kms.katalon.core.exception.StepFailedException: Failed to set text into element
	at com.kms.katalon.core.mobile.keyword.internal.MobileKeywordMain.stepFailed(MobileKeywordMain.groovy:38)
	at com.kms.katalon.core.mobile.keyword.internal.MobileKeywordMain.runKeyword(MobileKeywordMain.groovy:21)
	at com.kms.katalon.core.mobile.keyword.builtin.SetTextKeyword.setText(SetTextKeyword.groovy:62)
	at com.kms.katalon.core.mobile.keyword.builtin.SetTextKeyword.execute(SetTextKeyword.groovy:42)
	at com.kms.katalon.core.keyword.internal.KeywordExecutor.executeKeywordForPlatform(KeywordExecutor.groovy:74)
	at com.kms.katalon.core.mobile.keyword.MobileBuiltInKeywords.setText(MobileBuiltInKeywords.groovy:1307)
	at TC_01 - New Opty.run(TC_01 - New Opty:90)
	at com.kms.katalon.core.main.ScriptEngine.run(ScriptEngine.java:194)
	at com.kms.katalon.core.main.ScriptEngine.runScriptAsRawText(ScriptEngine.java:119)
	at com.kms.katalon.core.main.TestCaseExecutor.runScript(TestCaseExecutor.java:448)
	at com.kms.katalon.core.main.TestCaseExecutor.doExecute(TestCaseExecutor.java:439)
	at com.kms.katalon.core.main.TestCaseExecutor.processExecutionPhase(TestCaseExecutor.java:418)
	at com.kms.katalon.core.main.TestCaseExecutor.accessMainPhase(TestCaseExecutor.java:410)
	at com.kms.katalon.core.main.TestCaseExecutor.execute(TestCaseExecutor.java:285)
	at com.kms.katalon.core.common.CommonExecutor.accessTestCaseMainPhase(CommonExecutor.java:65)
	at com.kms.katalon.core.main.TestSuiteExecutor.accessTestSuiteMainPhase(TestSuiteExecutor.java:148)
	at com.kms.katalon.core.main.TestSuiteExecutor.execute(TestSuiteExecutor.java:106)
	at com.kms.katalon.core.main.TestCaseMain.startTestSuite(TestCaseMain.java:180)
	at TempTestSuite1709290546295.run(TempTestSuite1709290546295.groovy:36)
	at java.base/jdk.internal.reflect.NativeMethodAccessorImpl.invoke0(Native Method)
	at java.base/jdk.internal.reflect.NativeMethodAccessorImpl.invoke(NativeMethodAccessorImpl.java:77)
	at java.base/jdk.internal.reflect.DelegatingMethodAccessorImpl.invoke(DelegatingMethodAccessorImpl.java:43)
Caused by: org.openqa.selenium.StaleElementReferenceException: Cached elements 'By.xpath: //hierarchy/android.widget.FrameLayout[1]/android.widget.LinearLayout[1]/android.widget.FrameLayout[1]/android.widget.FrameLayout[1]/android.view.View[1]/android.view.View[1]/android.view.View[1]/android.view.View[1]/android.view.View[2]/android.view.View[1]/android.widget.ScrollView[1]/android.widget.EditText[1]' do not exist in DOM anymore
For documentation on this error, please visit: https://www.seleniumhq.org/exceptions/stale_element_reference.html
Build info: version: '3.141.59', revision: 'e82be7d358', time: '2018-11-14T08:25:53'
System info: host: 'DS025', ip: '192.168.136.26', os.name: 'Windows 10', os.arch: 'amd64', os.version: '10.0', java.version: '17.0.7'
Driver info: com.kms.katalon.core.appium.driver.SwipeableAndroidDriver
Capabilities {app: C:\Users\sushil.gaikwad\Dow..., appPackage: com.tatamotors.egurusmart, autoGrantPermissions: true, automationName: uiautomator2, databaseEnabled: false, desired: {app: C:\Users\sushil.gaikwad\Dow..., autoGrantPermissions: true, automationName: uiautomator2, deviceId: R9ZT10H9Y2L, deviceName: samsung SM-A032F (Android 13), fullReset: true, newCommandTimeout: 1800, noReset: false, platformName: android, platformVersion: 13, systemPort: 51951, udid: R9ZT10H9Y2L}, deviceApiLevel: 33, deviceId: R9ZT10H9Y2L, deviceManufacturer: samsung, deviceModel: SM-A032F, deviceName: R9ZT10H9Y2L, deviceScreenDensity: 320, deviceScreenSize: 720x1600, deviceUDID: R9ZT10H9Y2L, fullReset: true, javascriptEnabled: true, locationContextEnabled: false, networkConnectionEnabled: true, newCommandTimeout: 1800, noReset: false, pixelRatio: 2, platform: LINUX, platformName: Android, platformVersion: 13, statBarHeight: 48, systemPort: 51951, takesScreenshot: true, udid: R9ZT10H9Y2L, viewportRect: {height: 1411, left: 0, top: 48, width: 720}, warnings: {}, webStorageEnabled: false}
Session ID: cf7d068d-c894-41ef-bf0e-e965218f9866
	at java.base/jdk.internal.reflect.NativeConstructorAccessorImpl.newInstance0(Native Method)
	at java.base/jdk.internal.reflect.NativeConstructorAccessorImpl.newInstance(NativeConstructorAccessorImpl.java:77)
	at java.base/jdk.internal.reflect.DelegatingConstructorAccessorImpl.newInstance(DelegatingConstructorAccessorImpl.java:45)
	at org.openqa.selenium.remote.http.W3CHttpResponseCodec.createException(W3CHttpResponseCodec.java:187)
	at org.openqa.selenium.remote.http.W3CHttpResponseCodec.decode(W3CHttpResponseCodec.java:122)
	at org.openqa.selenium.remote.http.W3CHttpResponseCodec.decode(W3CHttpResponseCodec.java:49)
	at org.openqa.selenium.remote.HttpCommandExecutor.execute(HttpCommandExecutor.java:158)
	at io.appium.java_client.remote.AppiumCommandExecutor.execute(AppiumCommandExecutor.java:239)
	at org.openqa.selenium.remote.RemoteWebDriver.execute(RemoteWebDriver.java:552)
	at io.appium.java_client.DefaultGenericMobileDriver.execute(DefaultGenericMobileDriver.java:42)
	at io.appium.java_client.AppiumDriver.execute(AppiumDriver.java:1)
	at io.appium.java_client.android.AndroidDriver.execute(AndroidDriver.java:1)
	at com.kms.katalon.core.appium.driver.SwipeableAndroidDriver.execute(SwipeableAndroidDriver.java:1)
	at org.openqa.selenium.remote.RemoteWebElement.execute(RemoteWebElement.java:285)
	at io.appium.java_client.DefaultGenericMobileElement.execute(DefaultGenericMobileElement.java:45)
	at io.appium.java_client.MobileElement.execute(MobileElement.java:1)
	at io.appium.java_client.android.AndroidElement.execute(AndroidElement.java:1)
	at org.openqa.selenium.remote.RemoteWebElement.getLocation(RemoteWebElement.java:337)
	at org.openqa.selenium.WebElement$getLocation.call(Unknown Source)
	at com.kms.katalon.core.mobile.keyword.internal.MobileAbstractKeyword.findElement(MobileAbstractKeyword.groovy:86)
	at jdk.internal.reflect.GeneratedMethodAccessor6.invoke(Unknown Source)
	at java.base/jdk.internal.reflect.DelegatingMethodAccessorImpl.invoke(DelegatingMethodAccessorImpl.java:43)
	at com.kms.katalon.core.mobile.keyword.builtin.SetTextKeyword$_setText_closure1.doCall(SetTextKeyword.groovy:50)
	at com.kms.katalon.core.mobile.keyword.builtin.SetTextKeyword$_setText_closure1.call(SetTextKeyword.groovy)
	at com.kms.katalon.core.mobile.keyword.internal.MobileKeywordMain.runKeyword(MobileKeywordMain.groovy:19)
	... 20 more]]></system-err>
   </testsuite>
</testsuites>
